CRITICAL - 2023-09-29 00:37:06 --> Undefined variable $data
in APPPATH\Views\V_Mahasiswa.php on line 43.
 1 APPPATH\Views\V_Mahasiswa.php(43): CodeIgniter\Debug\Exceptions->errorHandler(2, 'Undefined variable $data', 'C:\\xampp\\htdocs\\BelajarFrameworkCI\\app\\Views\\V_Mahasiswa.php', 43)
 2 SYSTEMPATH\View\View.php(224): include('C:\\xampp\\htdocs\\BelajarFrameworkCI\\app\\Views\\V_Mahasiswa.php')
 3 SYSTEMPATH\View\View.php(227): CodeIgniter\View\View->CodeIgniter\View\{closure}()
 4 SYSTEMPATH\Common.php(1176): CodeIgniter\View\View->render('V_Mahasiswa', [], true)
 5 APPPATH\Views\template.php(19): view('V_Mahasiswa')
 6 SYSTEMPATH\View\View.php(224): include('C:\\xampp\\htdocs\\BelajarFrameworkCI\\app\\Views\\template.php')
 7 SYSTEMPATH\View\View.php(227): CodeIgniter\View\View->CodeIgniter\View\{closure}()
 8 SYSTEMPATH\Common.php(1176): CodeIgniter\View\View->render('template', [], true)
 9 APPPATH\Controllers\Mahasiswa.php(13): view('template', [...])
10 SYSTEMPATH\CodeIgniter.php(932): App\Controllers\Mahasiswa->index()
11 SYSTEMPATH\CodeIgniter.php(497): CodeIgniter\CodeIgniter->runController(Object(App\Controllers\Mahasiswa))
12 SYSTEMPATH\CodeIgniter.php(366): CodeIgniter\CodeIgniter->handleRequest(null, Object(Config\Cache), false)
13 FCPATH\index.php(67): CodeIgniter\CodeIgniter->run()
CRITICAL - 2023-09-29 00:41:05 --> Undefined variable $data
in APPPATH\Views\V_Mahasiswa.php on line 105.
 1 APPPATH\Views\V_Mahasiswa.php(105): CodeIgniter\Debug\Exceptions->errorHandler(2, 'Undefined variable $data', 'C:\\xampp\\htdocs\\BelajarFrameworkCI\\app\\Views\\V_Mahasiswa.php', 105)
 2 SYSTEMPATH\View\View.php(224): include('C:\\xampp\\htdocs\\BelajarFrameworkCI\\app\\Views\\V_Mahasiswa.php')
 3 SYSTEMPATH\View\View.php(227): CodeIgniter\View\View->CodeIgniter\View\{closure}()
 4 SYSTEMPATH\Common.php(1176): CodeIgniter\View\View->render('V_Mahasiswa', [], true)
 5 APPPATH\Views\template.php(19): view('V_Mahasiswa')
 6 SYSTEMPATH\View\View.php(224): include('C:\\xampp\\htdocs\\BelajarFrameworkCI\\app\\Views\\template.php')
 7 SYSTEMPATH\View\View.php(227): CodeIgniter\View\View->CodeIgniter\View\{closure}()
 8 SYSTEMPATH\Common.php(1176): CodeIgniter\View\View->render('template', [], true)
 9 APPPATH\Controllers\Mahasiswa.php(13): view('template', [...])
10 SYSTEMPATH\CodeIgniter.php(932): App\Controllers\Mahasiswa->index()
11 SYSTEMPATH\CodeIgniter.php(497): CodeIgniter\CodeIgniter->runController(Object(App\Controllers\Mahasiswa))
12 SYSTEMPATH\CodeIgniter.php(366): CodeIgniter\CodeIgniter->handleRequest(null, Object(Config\Cache), false)
13 FCPATH\index.php(67): CodeIgniter\CodeIgniter->run()
CRITICAL - 2023-09-29 01:23:38 --> Class "Codeigniter\Model" not found
in APPPATH\Models\M_MahasiswaModel.php on line 6.
 1 SYSTEMPATH\Autoloader\Autoloader.php(314): include_once()
 2 SYSTEMPATH\Autoloader\Autoloader.php(291): CodeIgniter\Autoloader\Autoloader->includeFile('C:\\xampp\\htdocs\\BelajarFrameworkCI\\app\\Models\\M_MahasiswaModel.php')
 3 SYSTEMPATH\Autoloader\Autoloader.php(269): CodeIgniter\Autoloader\Autoloader->loadInNamespace('App\\Models\\M_MahasiswaModel')
 4 APPPATH\Controllers\Mahasiswa2.php(9): CodeIgniter\Autoloader\Autoloader->loadClass('App\\Models\\M_MahasiswaModel')
 5 SYSTEMPATH\CodeIgniter.php(932): App\Controllers\Mahasiswa2->index()
 6 SYSTEMPATH\CodeIgniter.php(497): CodeIgniter\CodeIgniter->runController(Object(App\Controllers\Mahasiswa2))
 7 SYSTEMPATH\CodeIgniter.php(366): CodeIgniter\CodeIgniter->handleRequest(null, Object(Config\Cache), false)
 8 FCPATH\index.php(67): CodeIgniter\CodeIgniter->run()
CRITICAL - 2023-09-29 01:29:08 --> Class "Codeigniter\Model" not found
in APPPATH\Models\M_MahasiswaModel.php on line 6.
 1 SYSTEMPATH\Autoloader\Autoloader.php(314): include_once()
 2 SYSTEMPATH\Autoloader\Autoloader.php(291): CodeIgniter\Autoloader\Autoloader->includeFile('C:\\xampp\\htdocs\\BelajarFrameworkCI\\app\\Models\\M_MahasiswaModel.php')
 3 SYSTEMPATH\Autoloader\Autoloader.php(269): CodeIgniter\Autoloader\Autoloader->loadInNamespace('App\\Models\\M_MahasiswaModel')
 4 APPPATH\Controllers\Mahasiswa2.php(9): CodeIgniter\Autoloader\Autoloader->loadClass('App\\Models\\M_MahasiswaModel')
 5 SYSTEMPATH\CodeIgniter.php(932): App\Controllers\Mahasiswa2->index()
 6 SYSTEMPATH\CodeIgniter.php(497): CodeIgniter\CodeIgniter->runController(Object(App\Controllers\Mahasiswa2))
 7 SYSTEMPATH\CodeIgniter.php(366): CodeIgniter\CodeIgniter->handleRequest(null, Object(Config\Cache), false)
 8 FCPATH\index.php(67): CodeIgniter\CodeIgniter->run()
CRITICAL - 2023-09-29 01:29:10 --> Class "Codeigniter\Model" not found
in APPPATH\Models\M_MahasiswaModel.php on line 6.
 1 SYSTEMPATH\Autoloader\Autoloader.php(314): include_once()
 2 SYSTEMPATH\Autoloader\Autoloader.php(291): CodeIgniter\Autoloader\Autoloader->includeFile('C:\\xampp\\htdocs\\BelajarFrameworkCI\\app\\Models\\M_MahasiswaModel.php')
 3 SYSTEMPATH\Autoloader\Autoloader.php(269): CodeIgniter\Autoloader\Autoloader->loadInNamespace('App\\Models\\M_MahasiswaModel')
 4 APPPATH\Controllers\Mahasiswa2.php(9): CodeIgniter\Autoloader\Autoloader->loadClass('App\\Models\\M_MahasiswaModel')
 5 SYSTEMPATH\CodeIgniter.php(932): App\Controllers\Mahasiswa2->index()
 6 SYSTEMPATH\CodeIgniter.php(497): CodeIgniter\CodeIgniter->runController(Object(App\Controllers\Mahasiswa2))
 7 SYSTEMPATH\CodeIgniter.php(366): CodeIgniter\CodeIgniter->handleRequest(null, Object(Config\Cache), false)
 8 FCPATH\index.php(67): CodeIgniter\CodeIgniter->run()
CRITICAL - 2023-09-29 01:29:10 --> Class "Codeigniter\Model" not found
in APPPATH\Models\M_MahasiswaModel.php on line 6.
 1 SYSTEMPATH\Autoloader\Autoloader.php(314): include_once()
 2 SYSTEMPATH\Autoloader\Autoloader.php(291): CodeIgniter\Autoloader\Autoloader->includeFile('C:\\xampp\\htdocs\\BelajarFrameworkCI\\app\\Models\\M_MahasiswaModel.php')
 3 SYSTEMPATH\Autoloader\Autoloader.php(269): CodeIgniter\Autoloader\Autoloader->loadInNamespace('App\\Models\\M_MahasiswaModel')
 4 APPPATH\Controllers\Mahasiswa2.php(9): CodeIgniter\Autoloader\Autoloader->loadClass('App\\Models\\M_MahasiswaModel')
 5 SYSTEMPATH\CodeIgniter.php(932): App\Controllers\Mahasiswa2->index()
 6 SYSTEMPATH\CodeIgniter.php(497): CodeIgniter\CodeIgniter->runController(Object(App\Controllers\Mahasiswa2))
 7 SYSTEMPATH\CodeIgniter.php(366): CodeIgniter\CodeIgniter->handleRequest(null, Object(Config\Cache), false)
 8 FCPATH\index.php(67): CodeIgniter\CodeIgniter->run()
CRITICAL - 2023-09-29 01:29:10 --> Class "Codeigniter\Model" not found
in APPPATH\Models\M_MahasiswaModel.php on line 6.
 1 SYSTEMPATH\Autoloader\Autoloader.php(314): include_once()
 2 SYSTEMPATH\Autoloader\Autoloader.php(291): CodeIgniter\Autoloader\Autoloader->includeFile('C:\\xampp\\htdocs\\BelajarFrameworkCI\\app\\Models\\M_MahasiswaModel.php')
 3 SYSTEMPATH\Autoloader\Autoloader.php(269): CodeIgniter\Autoloader\Autoloader->loadInNamespace('App\\Models\\M_MahasiswaModel')
 4 APPPATH\Controllers\Mahasiswa2.php(9): CodeIgniter\Autoloader\Autoloader->loadClass('App\\Models\\M_MahasiswaModel')
 5 SYSTEMPATH\CodeIgniter.php(932): App\Controllers\Mahasiswa2->index()
 6 SYSTEMPATH\CodeIgniter.php(497): CodeIgniter\CodeIgniter->runController(Object(App\Controllers\Mahasiswa2))
 7 SYSTEMPATH\CodeIgniter.php(366): CodeIgniter\CodeIgniter->handleRequest(null, Object(Config\Cache), false)
 8 FCPATH\index.php(67): CodeIgniter\CodeIgniter->run()
CRITICAL - 2023-09-29 01:29:11 --> Class "Codeigniter\Model" not found
in APPPATH\Models\M_MahasiswaModel.php on line 6.
 1 SYSTEMPATH\Autoloader\Autoloader.php(314): include_once()
 2 SYSTEMPATH\Autoloader\Autoloader.php(291): CodeIgniter\Autoloader\Autoloader->includeFile('C:\\xampp\\htdocs\\BelajarFrameworkCI\\app\\Models\\M_MahasiswaModel.php')
 3 SYSTEMPATH\Autoloader\Autoloader.php(269): CodeIgniter\Autoloader\Autoloader->loadInNamespace('App\\Models\\M_MahasiswaModel')
 4 APPPATH\Controllers\Mahasiswa2.php(9): CodeIgniter\Autoloader\Autoloader->loadClass('App\\Models\\M_MahasiswaModel')
 5 SYSTEMPATH\CodeIgniter.php(932): App\Controllers\Mahasiswa2->index()
 6 SYSTEMPATH\CodeIgniter.php(497): CodeIgniter\CodeIgniter->runController(Object(App\Controllers\Mahasiswa2))
 7 SYSTEMPATH\CodeIgniter.php(366): CodeIgniter\CodeIgniter->handleRequest(null, Object(Config\Cache), false)
 8 FCPATH\index.php(67): CodeIgniter\CodeIgniter->run()
CRITICAL - 2023-09-29 01:29:11 --> Class "Codeigniter\Model" not found
in APPPATH\Models\M_MahasiswaModel.php on line 6.
 1 SYSTEMPATH\Autoloader\Autoloader.php(314): include_once()
 2 SYSTEMPATH\Autoloader\Autoloader.php(291): CodeIgniter\Autoloader\Autoloader->includeFile('C:\\xampp\\htdocs\\BelajarFrameworkCI\\app\\Models\\M_MahasiswaModel.php')
 3 SYSTEMPATH\Autoloader\Autoloader.php(269): CodeIgniter\Autoloader\Autoloader->loadInNamespace('App\\Models\\M_MahasiswaModel')
 4 APPPATH\Controllers\Mahasiswa2.php(9): CodeIgniter\Autoloader\Autoloader->loadClass('App\\Models\\M_MahasiswaModel')
 5 SYSTEMPATH\CodeIgniter.php(932): App\Controllers\Mahasiswa2->index()
 6 SYSTEMPATH\CodeIgniter.php(497): CodeIgniter\CodeIgniter->runController(Object(App\Controllers\Mahasiswa2))
 7 SYSTEMPATH\CodeIgniter.php(366): CodeIgniter\CodeIgniter->handleRequest(null, Object(Config\Cache), false)
 8 FCPATH\index.php(67): CodeIgniter\CodeIgniter->run()
CRITICAL - 2023-09-29 01:29:45 --> Class "Codeigniter\Model" not found
in APPPATH\Models\M_MahasiswaModel.php on line 6.
 1 SYSTEMPATH\Autoloader\Autoloader.php(314): include_once()
 2 SYSTEMPATH\Autoloader\Autoloader.php(291): CodeIgniter\Autoloader\Autoloader->includeFile('C:\\xampp\\htdocs\\BelajarFrameworkCI\\app\\Models\\M_MahasiswaModel.php')
 3 SYSTEMPATH\Autoloader\Autoloader.php(269): CodeIgniter\Autoloader\Autoloader->loadInNamespace('App\\Models\\M_MahasiswaModel')
 4 APPPATH\Controllers\Mahasiswa2.php(9): CodeIgniter\Autoloader\Autoloader->loadClass('App\\Models\\M_MahasiswaModel')
 5 SYSTEMPATH\CodeIgniter.php(932): App\Controllers\Mahasiswa2->index()
 6 SYSTEMPATH\CodeIgniter.php(497): CodeIgniter\CodeIgniter->runController(Object(App\Controllers\Mahasiswa2))
 7 SYSTEMPATH\CodeIgniter.php(366): CodeIgniter\CodeIgniter->handleRequest(null, Object(Config\Cache), false)
 8 FCPATH\index.php(67): CodeIgniter\CodeIgniter->run()
ERROR - 2023-09-29 01:31:00 --> mysqli_sql_exception: Table 'akademik_db.mahasiswa2' doesn't exist in C:\xampp\htdocs\BelajarFrameworkCI\system\Database\MySQLi\Connection.php:295
Stack trace:
#0 C:\xampp\htdocs\BelajarFrameworkCI\system\Database\MySQLi\Connection.php(295): mysqli->query('SELECT *\nFROM `...', 0)
#1 C:\xampp\htdocs\BelajarFrameworkCI\system\Database\BaseConnection.php(692): CodeIgniter\Database\MySQLi\Connection->execute('SELECT *\nFROM `...')
#2 C:\xampp\htdocs\BelajarFrameworkCI\system\Database\BaseConnection.php(606): CodeIgniter\Database\BaseConnection->simpleQuery('SELECT *\nFROM `...')
#3 C:\xampp\htdocs\BelajarFrameworkCI\system\Database\BaseBuilder.php(1616): CodeIgniter\Database\BaseConnection->query('SELECT *\nFROM `...', Array, false)
#4 C:\xampp\htdocs\BelajarFrameworkCI\app\Models\M_MahasiswaModel.php(10): CodeIgniter\Database\BaseBuilder->get()
#5 C:\xampp\htdocs\BelajarFrameworkCI\app\Controllers\Mahasiswa2.php(13): App\Models\M_MahasiswaModel->getAllData()
#6 C:\xampp\htdocs\BelajarFrameworkCI\system\CodeIgniter.php(932): App\Controllers\Mahasiswa2->index()
#7 C:\xampp\htdocs\BelajarFrameworkCI\system\CodeIgniter.php(497): CodeIgniter\CodeIgniter->runController(Object(App\Controllers\Mahasiswa2))
#8 C:\xampp\htdocs\BelajarFrameworkCI\system\CodeIgniter.php(366): CodeIgniter\CodeIgniter->handleRequest(NULL, Object(Config\Cache), false)
#9 C:\xampp\htdocs\BelajarFrameworkCI\public\index.php(67): CodeIgniter\CodeIgniter->run()
#10 {main}
CRITICAL - 2023-09-29 01:31:00 --> Table 'akademik_db.mahasiswa2' doesn't exist
in SYSTEMPATH\Database\MySQLi\Connection.php on line 295.
 1 SYSTEMPATH\Database\MySQLi\Connection.php(295): mysqli->query('SELECT *
FROM `mahasiswa2`', 0)
 2 SYSTEMPATH\Database\BaseConnection.php(692): CodeIgniter\Database\MySQLi\Connection->execute('SELECT *
FROM `mahasiswa2`')
 3 SYSTEMPATH\Database\BaseConnection.php(606): CodeIgniter\Database\BaseConnection->simpleQuery('SELECT *
FROM `mahasiswa2`')
 4 SYSTEMPATH\Database\BaseBuilder.php(1616): CodeIgniter\Database\BaseConnection->query('SELECT *
FROM `mahasiswa2`', [], false)
 5 APPPATH\Models\M_MahasiswaModel.php(10): CodeIgniter\Database\BaseBuilder->get()
 6 APPPATH\Controllers\Mahasiswa2.php(13): App\Models\M_MahasiswaModel->getAllData()
 7 SYSTEMPATH\CodeIgniter.php(932): App\Controllers\Mahasiswa2->index()
 8 SYSTEMPATH\CodeIgniter.php(497): CodeIgniter\CodeIgniter->runController(Object(App\Controllers\Mahasiswa2))
 9 SYSTEMPATH\CodeIgniter.php(366): CodeIgniter\CodeIgniter->handleRequest(null, Object(Config\Cache), false)
10 FCPATH\index.php(67): CodeIgniter\CodeIgniter->run()
CRITICAL - 2023-09-29 02:40:32 --> Call to undefined function form_open()
in APPPATH\Views\v_mahasiswa_add.php on line 14.
 1 SYSTEMPATH\View\View.php(224): include()
 2 SYSTEMPATH\View\View.php(227): CodeIgniter\View\View->CodeIgniter\View\{closure}()
 3 SYSTEMPATH\Common.php(1176): CodeIgniter\View\View->render('v_mahasiswa_add', [], true)
 4 APPPATH\Views\template.php(27): view('v_mahasiswa_add')
 5 SYSTEMPATH\View\View.php(224): include('C:\\xampp\\htdocs\\BelajarFrameworkCI\\app\\Views\\template.php')
 6 SYSTEMPATH\View\View.php(227): CodeIgniter\View\View->CodeIgniter\View\{closure}()
 7 SYSTEMPATH\Common.php(1176): CodeIgniter\View\View->render('template', [], true)
 8 APPPATH\Controllers\Mahasiswa2.php(41): view('template', [...])
 9 SYSTEMPATH\CodeIgniter.php(932): App\Controllers\Mahasiswa2->add()
10 SYSTEMPATH\CodeIgniter.php(497): CodeIgniter\CodeIgniter->runController(Object(App\Controllers\Mahasiswa2))
11 SYSTEMPATH\CodeIgniter.php(366): CodeIgniter\CodeIgniter->handleRequest(null, Object(Config\Cache), false)
12 FCPATH\index.php(67): CodeIgniter\CodeIgniter->run()
CRITICAL - 2023-09-29 02:40:59 --> Call to undefined function form_open()
in APPPATH\Views\v_mahasiswa_add.php on line 14.
 1 SYSTEMPATH\View\View.php(224): include()
 2 SYSTEMPATH\View\View.php(227): CodeIgniter\View\View->CodeIgniter\View\{closure}()
 3 SYSTEMPATH\Common.php(1176): CodeIgniter\View\View->render('v_mahasiswa_add', [], true)
 4 APPPATH\Views\template.php(27): view('v_mahasiswa_add')
 5 SYSTEMPATH\View\View.php(224): include('C:\\xampp\\htdocs\\BelajarFrameworkCI\\app\\Views\\template.php')
 6 SYSTEMPATH\View\View.php(227): CodeIgniter\View\View->CodeIgniter\View\{closure}()
 7 SYSTEMPATH\Common.php(1176): CodeIgniter\View\View->render('template', [], true)
 8 APPPATH\Controllers\Mahasiswa2.php(41): view('template', [...])
 9 SYSTEMPATH\CodeIgniter.php(932): App\Controllers\Mahasiswa2->add()
10 SYSTEMPATH\CodeIgniter.php(497): CodeIgniter\CodeIgniter->runController(Object(App\Controllers\Mahasiswa2))
11 SYSTEMPATH\CodeIgniter.php(366): CodeIgniter\CodeIgniter->handleRequest(null, Object(Config\Cache), false)
12 FCPATH\index.php(67): CodeIgniter\CodeIgniter->run()
CRITICAL - 2023-09-29 02:41:03 --> Call to undefined function form_open()
in APPPATH\Views\v_mahasiswa_add.php on line 14.
 1 SYSTEMPATH\View\View.php(224): include()
 2 SYSTEMPATH\View\View.php(227): CodeIgniter\View\View->CodeIgniter\View\{closure}()
 3 SYSTEMPATH\Common.php(1176): CodeIgniter\View\View->render('v_mahasiswa_add', [], true)
 4 APPPATH\Views\template.php(27): view('v_mahasiswa_add')
 5 SYSTEMPATH\View\View.php(224): include('C:\\xampp\\htdocs\\BelajarFrameworkCI\\app\\Views\\template.php')
 6 SYSTEMPATH\View\View.php(227): CodeIgniter\View\View->CodeIgniter\View\{closure}()
 7 SYSTEMPATH\Common.php(1176): CodeIgniter\View\View->render('template', [], true)
 8 APPPATH\Controllers\Mahasiswa2.php(41): view('template', [...])
 9 SYSTEMPATH\CodeIgniter.php(932): App\Controllers\Mahasiswa2->add()
10 SYSTEMPATH\CodeIgniter.php(497): CodeIgniter\CodeIgniter->runController(Object(App\Controllers\Mahasiswa2))
11 SYSTEMPATH\CodeIgniter.php(366): CodeIgniter\CodeIgniter->handleRequest(null, Object(Config\Cache), false)
12 FCPATH\index.php(67): CodeIgniter\CodeIgniter->run()
CRITICAL - 2023-09-29 02:42:30 --> Call to undefined function form_open()
in APPPATH\Views\v_mahasiswa_add.php on line 14.
 1 SYSTEMPATH\View\View.php(224): include()
 2 SYSTEMPATH\View\View.php(227): CodeIgniter\View\View->CodeIgniter\View\{closure}()
 3 SYSTEMPATH\Common.php(1176): CodeIgniter\View\View->render('v_mahasiswa_add', [], true)
 4 APPPATH\Views\template.php(27): view('v_mahasiswa_add')
 5 SYSTEMPATH\View\View.php(224): include('C:\\xampp\\htdocs\\BelajarFrameworkCI\\app\\Views\\template.php')
 6 SYSTEMPATH\View\View.php(227): CodeIgniter\View\View->CodeIgniter\View\{closure}()
 7 SYSTEMPATH\Common.php(1176): CodeIgniter\View\View->render('template', [], true)
 8 APPPATH\Controllers\Mahasiswa2.php(41): view('template', [...])
 9 SYSTEMPATH\CodeIgniter.php(932): App\Controllers\Mahasiswa2->add()
10 SYSTEMPATH\CodeIgniter.php(497): CodeIgniter\CodeIgniter->runController(Object(App\Controllers\Mahasiswa2))
11 SYSTEMPATH\CodeIgniter.php(366): CodeIgniter\CodeIgniter->handleRequest(null, Object(Config\Cache), false)
12 FCPATH\index.php(67): CodeIgniter\CodeIgniter->run()
CRITICAL - 2023-09-29 02:42:33 --> Call to undefined function form_open()
in APPPATH\Views\v_mahasiswa_add.php on line 14.
 1 SYSTEMPATH\View\View.php(224): include()
 2 SYSTEMPATH\View\View.php(227): CodeIgniter\View\View->CodeIgniter\View\{closure}()
 3 SYSTEMPATH\Common.php(1176): CodeIgniter\View\View->render('v_mahasiswa_add', [], true)
 4 APPPATH\Views\template.php(27): view('v_mahasiswa_add')
 5 SYSTEMPATH\View\View.php(224): include('C:\\xampp\\htdocs\\BelajarFrameworkCI\\app\\Views\\template.php')
 6 SYSTEMPATH\View\View.php(227): CodeIgniter\View\View->CodeIgniter\View\{closure}()
 7 SYSTEMPATH\Common.php(1176): CodeIgniter\View\View->render('template', [], true)
 8 APPPATH\Controllers\Mahasiswa2.php(41): view('template', [...])
 9 SYSTEMPATH\CodeIgniter.php(932): App\Controllers\Mahasiswa2->add()
10 SYSTEMPATH\CodeIgniter.php(497): CodeIgniter\CodeIgniter->runController(Object(App\Controllers\Mahasiswa2))
11 SYSTEMPATH\CodeIgniter.php(366): CodeIgniter\CodeIgniter->handleRequest(null, Object(Config\Cache), false)
12 FCPATH\index.php(67): CodeIgniter\CodeIgniter->run()
CRITICAL - 2023-09-29 02:42:46 --> Call to undefined function form_open()
in APPPATH\Views\V_Mahasiswa_add_2.php on line 13.
 1 SYSTEMPATH\View\View.php(224): include()
 2 SYSTEMPATH\View\View.php(227): CodeIgniter\View\View->CodeIgniter\View\{closure}()
 3 SYSTEMPATH\Common.php(1176): CodeIgniter\View\View->render('v_mahasiswa_add_2', [], true)
 4 APPPATH\Views\template.php(27): view('v_mahasiswa_add_2')
 5 SYSTEMPATH\View\View.php(224): include('C:\\xampp\\htdocs\\BelajarFrameworkCI\\app\\Views\\template.php')
 6 SYSTEMPATH\View\View.php(227): CodeIgniter\View\View->CodeIgniter\View\{closure}()
 7 SYSTEMPATH\Common.php(1176): CodeIgniter\View\View->render('template', [], true)
 8 APPPATH\Controllers\Mahasiswa2.php(41): view('template', [...])
 9 SYSTEMPATH\CodeIgniter.php(932): App\Controllers\Mahasiswa2->add()
10 SYSTEMPATH\CodeIgniter.php(497): CodeIgniter\CodeIgniter->runController(Object(App\Controllers\Mahasiswa2))
11 SYSTEMPATH\CodeIgniter.php(366): CodeIgniter\CodeIgniter->handleRequest(null, Object(Config\Cache), false)
12 FCPATH\index.php(67): CodeIgniter\CodeIgniter->run()
CRITICAL - 2023-09-29 02:43:32 --> Call to undefined function form_open()
in APPPATH\Views\V_Mahasiswa_add_2.php on line 13.
 1 SYSTEMPATH\View\View.php(224): include()
 2 SYSTEMPATH\View\View.php(227): CodeIgniter\View\View->CodeIgniter\View\{closure}()
 3 SYSTEMPATH\Common.php(1176): CodeIgniter\View\View->render('v_mahasiswa_add_2', [], true)
 4 APPPATH\Views\template.php(27): view('v_mahasiswa_add_2')
 5 SYSTEMPATH\View\View.php(224): include('C:\\xampp\\htdocs\\BelajarFrameworkCI\\app\\Views\\template.php')
 6 SYSTEMPATH\View\View.php(227): CodeIgniter\View\View->CodeIgniter\View\{closure}()
 7 SYSTEMPATH\Common.php(1176): CodeIgniter\View\View->render('template', [], true)
 8 APPPATH\Controllers\Mahasiswa2.php(42): view('template', [...])
 9 SYSTEMPATH\CodeIgniter.php(932): App\Controllers\Mahasiswa2->add()
10 SYSTEMPATH\CodeIgniter.php(497): CodeIgniter\CodeIgniter->runController(Object(App\Controllers\Mahasiswa2))
11 SYSTEMPATH\CodeIgniter.php(366): CodeIgniter\CodeIgniter->handleRequest(null, Object(Config\Cache), false)
12 FCPATH\index.php(67): CodeIgniter\CodeIgniter->run()
CRITICAL - 2023-09-29 02:43:34 --> Call to undefined function form_open()
in APPPATH\Views\V_Mahasiswa_add_2.php on line 13.
 1 SYSTEMPATH\View\View.php(224): include()
 2 SYSTEMPATH\View\View.php(227): CodeIgniter\View\View->CodeIgniter\View\{closure}()
 3 SYSTEMPATH\Common.php(1176): CodeIgniter\View\View->render('v_mahasiswa_add_2', [], true)
 4 APPPATH\Views\template.php(27): view('v_mahasiswa_add_2')
 5 SYSTEMPATH\View\View.php(224): include('C:\\xampp\\htdocs\\BelajarFrameworkCI\\app\\Views\\template.php')
 6 SYSTEMPATH\View\View.php(227): CodeIgniter\View\View->CodeIgniter\View\{closure}()
 7 SYSTEMPATH\Common.php(1176): CodeIgniter\View\View->render('template', [], true)
 8 APPPATH\Controllers\Mahasiswa2.php(42): view('template', [...])
 9 SYSTEMPATH\CodeIgniter.php(932): App\Controllers\Mahasiswa2->add()
10 SYSTEMPATH\CodeIgniter.php(497): CodeIgniter\CodeIgniter->runController(Object(App\Controllers\Mahasiswa2))
11 SYSTEMPATH\CodeIgniter.php(366): CodeIgniter\CodeIgniter->handleRequest(null, Object(Config\Cache), false)
12 FCPATH\index.php(67): CodeIgniter\CodeIgniter->run()
CRITICAL - 2023-09-29 02:43:34 --> Call to undefined function form_open()
in APPPATH\Views\V_Mahasiswa_add_2.php on line 13.
 1 SYSTEMPATH\View\View.php(224): include()
 2 SYSTEMPATH\View\View.php(227): CodeIgniter\View\View->CodeIgniter\View\{closure}()
 3 SYSTEMPATH\Common.php(1176): CodeIgniter\View\View->render('v_mahasiswa_add_2', [], true)
 4 APPPATH\Views\template.php(27): view('v_mahasiswa_add_2')
 5 SYSTEMPATH\View\View.php(224): include('C:\\xampp\\htdocs\\BelajarFrameworkCI\\app\\Views\\template.php')
 6 SYSTEMPATH\View\View.php(227): CodeIgniter\View\View->CodeIgniter\View\{closure}()
 7 SYSTEMPATH\Common.php(1176): CodeIgniter\View\View->render('template', [], true)
 8 APPPATH\Controllers\Mahasiswa2.php(42): view('template', [...])
 9 SYSTEMPATH\CodeIgniter.php(932): App\Controllers\Mahasiswa2->add()
10 SYSTEMPATH\CodeIgniter.php(497): CodeIgniter\CodeIgniter->runController(Object(App\Controllers\Mahasiswa2))
11 SYSTEMPATH\CodeIgniter.php(366): CodeIgniter\CodeIgniter->handleRequest(null, Object(Config\Cache), false)
12 FCPATH\index.php(67): CodeIgniter\CodeIgniter->run()
CRITICAL - 2023-09-29 02:43:34 --> Call to undefined function form_open()
in APPPATH\Views\V_Mahasiswa_add_2.php on line 13.
 1 SYSTEMPATH\View\View.php(224): include()
 2 SYSTEMPATH\View\View.php(227): CodeIgniter\View\View->CodeIgniter\View\{closure}()
 3 SYSTEMPATH\Common.php(1176): CodeIgniter\View\View->render('v_mahasiswa_add_2', [], true)
 4 APPPATH\Views\template.php(27): view('v_mahasiswa_add_2')
 5 SYSTEMPATH\View\View.php(224): include('C:\\xampp\\htdocs\\BelajarFrameworkCI\\app\\Views\\template.php')
 6 SYSTEMPATH\View\View.php(227): CodeIgniter\View\View->CodeIgniter\View\{closure}()
 7 SYSTEMPATH\Common.php(1176): CodeIgniter\View\View->render('template', [], true)
 8 APPPATH\Controllers\Mahasiswa2.php(42): view('template', [...])
 9 SYSTEMPATH\CodeIgniter.php(932): App\Controllers\Mahasiswa2->add()
10 SYSTEMPATH\CodeIgniter.php(497): CodeIgniter\CodeIgniter->runController(Object(App\Controllers\Mahasiswa2))
11 SYSTEMPATH\CodeIgniter.php(366): CodeIgniter\CodeIgniter->handleRequest(null, Object(Config\Cache), false)
12 FCPATH\index.php(67): CodeIgniter\CodeIgniter->run()
CRITICAL - 2023-09-29 02:43:34 --> Call to undefined function form_open()
in APPPATH\Views\V_Mahasiswa_add_2.php on line 13.
 1 SYSTEMPATH\View\View.php(224): include()
 2 SYSTEMPATH\View\View.php(227): CodeIgniter\View\View->CodeIgniter\View\{closure}()
 3 SYSTEMPATH\Common.php(1176): CodeIgniter\View\View->render('v_mahasiswa_add_2', [], true)
 4 APPPATH\Views\template.php(27): view('v_mahasiswa_add_2')
 5 SYSTEMPATH\View\View.php(224): include('C:\\xampp\\htdocs\\BelajarFrameworkCI\\app\\Views\\template.php')
 6 SYSTEMPATH\View\View.php(227): CodeIgniter\View\View->CodeIgniter\View\{closure}()
 7 SYSTEMPATH\Common.php(1176): CodeIgniter\View\View->render('template', [], true)
 8 APPPATH\Controllers\Mahasiswa2.php(42): view('template', [...])
 9 SYSTEMPATH\CodeIgniter.php(932): App\Controllers\Mahasiswa2->add()
10 SYSTEMPATH\CodeIgniter.php(497): CodeIgniter\CodeIgniter->runController(Object(App\Controllers\Mahasiswa2))
11 SYSTEMPATH\CodeIgniter.php(366): CodeIgniter\CodeIgniter->handleRequest(null, Object(Config\Cache), false)
12 FCPATH\index.php(67): CodeIgniter\CodeIgniter->run()
CRITICAL - 2023-09-29 02:43:34 --> Call to undefined function form_open()
in APPPATH\Views\V_Mahasiswa_add_2.php on line 13.
 1 SYSTEMPATH\View\View.php(224): include()
 2 SYSTEMPATH\View\View.php(227): CodeIgniter\View\View->CodeIgniter\View\{closure}()
 3 SYSTEMPATH\Common.php(1176): CodeIgniter\View\View->render('v_mahasiswa_add_2', [], true)
 4 APPPATH\Views\template.php(27): view('v_mahasiswa_add_2')
 5 SYSTEMPATH\View\View.php(224): include('C:\\xampp\\htdocs\\BelajarFrameworkCI\\app\\Views\\template.php')
 6 SYSTEMPATH\View\View.php(227): CodeIgniter\View\View->CodeIgniter\View\{closure}()
 7 SYSTEMPATH\Common.php(1176): CodeIgniter\View\View->render('template', [], true)
 8 APPPATH\Controllers\Mahasiswa2.php(42): view('template', [...])
 9 SYSTEMPATH\CodeIgniter.php(932): App\Controllers\Mahasiswa2->add()
10 SYSTEMPATH\CodeIgniter.php(497): CodeIgniter\CodeIgniter->runController(Object(App\Controllers\Mahasiswa2))
11 SYSTEMPATH\CodeIgniter.php(366): CodeIgniter\CodeIgniter->handleRequest(null, Object(Config\Cache), false)
12 FCPATH\index.php(67): CodeIgniter\CodeIgniter->run()
CRITICAL - 2023-09-29 02:43:34 --> Call to undefined function form_open()
in APPPATH\Views\V_Mahasiswa_add_2.php on line 13.
 1 SYSTEMPATH\View\View.php(224): include()
 2 SYSTEMPATH\View\View.php(227): CodeIgniter\View\View->CodeIgniter\View\{closure}()
 3 SYSTEMPATH\Common.php(1176): CodeIgniter\View\View->render('v_mahasiswa_add_2', [], true)
 4 APPPATH\Views\template.php(27): view('v_mahasiswa_add_2')
 5 SYSTEMPATH\View\View.php(224): include('C:\\xampp\\htdocs\\BelajarFrameworkCI\\app\\Views\\template.php')
 6 SYSTEMPATH\View\View.php(227): CodeIgniter\View\View->CodeIgniter\View\{closure}()
 7 SYSTEMPATH\Common.php(1176): CodeIgniter\View\View->render('template', [], true)
 8 APPPATH\Controllers\Mahasiswa2.php(42): view('template', [...])
 9 SYSTEMPATH\CodeIgniter.php(932): App\Controllers\Mahasiswa2->add()
10 SYSTEMPATH\CodeIgniter.php(497): CodeIgniter\CodeIgniter->runController(Object(App\Controllers\Mahasiswa2))
11 SYSTEMPATH\CodeIgniter.php(366): CodeIgniter\CodeIgniter->handleRequest(null, Object(Config\Cache), false)
12 FCPATH\index.php(67): CodeIgniter\CodeIgniter->run()
CRITICAL - 2023-09-29 02:43:35 --> Call to undefined function form_open()
in APPPATH\Views\V_Mahasiswa_add_2.php on line 13.
 1 SYSTEMPATH\View\View.php(224): include()
 2 SYSTEMPATH\View\View.php(227): CodeIgniter\View\View->CodeIgniter\View\{closure}()
 3 SYSTEMPATH\Common.php(1176): CodeIgniter\View\View->render('v_mahasiswa_add_2', [], true)
 4 APPPATH\Views\template.php(27): view('v_mahasiswa_add_2')
 5 SYSTEMPATH\View\View.php(224): include('C:\\xampp\\htdocs\\BelajarFrameworkCI\\app\\Views\\template.php')
 6 SYSTEMPATH\View\View.php(227): CodeIgniter\View\View->CodeIgniter\View\{closure}()
 7 SYSTEMPATH\Common.php(1176): CodeIgniter\View\View->render('template', [], true)
 8 APPPATH\Controllers\Mahasiswa2.php(42): view('template', [...])
 9 SYSTEMPATH\CodeIgniter.php(932): App\Controllers\Mahasiswa2->add()
10 SYSTEMPATH\CodeIgniter.php(497): CodeIgniter\CodeIgniter->runController(Object(App\Controllers\Mahasiswa2))
11 SYSTEMPATH\CodeIgniter.php(366): CodeIgniter\CodeIgniter->handleRequest(null, Object(Config\Cache), false)
12 FCPATH\index.php(67): CodeIgniter\CodeIgniter->run()
CRITICAL - 2023-09-29 02:43:35 --> Call to undefined function form_open()
in APPPATH\Views\V_Mahasiswa_add_2.php on line 13.
 1 SYSTEMPATH\View\View.php(224): include()
 2 SYSTEMPATH\View\View.php(227): CodeIgniter\View\View->CodeIgniter\View\{closure}()
 3 SYSTEMPATH\Common.php(1176): CodeIgniter\View\View->render('v_mahasiswa_add_2', [], true)
 4 APPPATH\Views\template.php(27): view('v_mahasiswa_add_2')
 5 SYSTEMPATH\View\View.php(224): include('C:\\xampp\\htdocs\\BelajarFrameworkCI\\app\\Views\\template.php')
 6 SYSTEMPATH\View\View.php(227): CodeIgniter\View\View->CodeIgniter\View\{closure}()
 7 SYSTEMPATH\Common.php(1176): CodeIgniter\View\View->render('template', [], true)
 8 APPPATH\Controllers\Mahasiswa2.php(42): view('template', [...])
 9 SYSTEMPATH\CodeIgniter.php(932): App\Controllers\Mahasiswa2->add()
10 SYSTEMPATH\CodeIgniter.php(497): CodeIgniter\CodeIgniter->runController(Object(App\Controllers\Mahasiswa2))
11 SYSTEMPATH\CodeIgniter.php(366): CodeIgniter\CodeIgniter->handleRequest(null, Object(Config\Cache), false)
12 FCPATH\index.php(67): CodeIgniter\CodeIgniter->run()
CRITICAL - 2023-09-29 02:43:35 --> Call to undefined function form_open()
in APPPATH\Views\V_Mahasiswa_add_2.php on line 13.
 1 SYSTEMPATH\View\View.php(224): include()
 2 SYSTEMPATH\View\View.php(227): CodeIgniter\View\View->CodeIgniter\View\{closure}()
 3 SYSTEMPATH\Common.php(1176): CodeIgniter\View\View->render('v_mahasiswa_add_2', [], true)
 4 APPPATH\Views\template.php(27): view('v_mahasiswa_add_2')
 5 SYSTEMPATH\View\View.php(224): include('C:\\xampp\\htdocs\\BelajarFrameworkCI\\app\\Views\\template.php')
 6 SYSTEMPATH\View\View.php(227): CodeIgniter\View\View->CodeIgniter\View\{closure}()
 7 SYSTEMPATH\Common.php(1176): CodeIgniter\View\View->render('template', [], true)
 8 APPPATH\Controllers\Mahasiswa2.php(42): view('template', [...])
 9 SYSTEMPATH\CodeIgniter.php(932): App\Controllers\Mahasiswa2->add()
10 SYSTEMPATH\CodeIgniter.php(497): CodeIgniter\CodeIgniter->runController(Object(App\Controllers\Mahasiswa2))
11 SYSTEMPATH\CodeIgniter.php(366): CodeIgniter\CodeIgniter->handleRequest(null, Object(Config\Cache), false)
12 FCPATH\index.php(67): CodeIgniter\CodeIgniter->run()
CRITICAL - 2023-09-29 02:44:00 --> Undefined variable $jurusan
in APPPATH\Views\V_Mahasiswa_add_2.php on line 57.
 1 APPPATH\Views\V_Mahasiswa_add_2.php(57): CodeIgniter\Debug\Exceptions->errorHandler(2, 'Undefined variable $jurusan', 'C:\\xampp\\htdocs\\BelajarFrameworkCI\\app\\Views\\V_Mahasiswa_add_2.php', 57)
 2 SYSTEMPATH\View\View.php(224): include('C:\\xampp\\htdocs\\BelajarFrameworkCI\\app\\Views\\V_Mahasiswa_add_2.php')
 3 SYSTEMPATH\View\View.php(227): CodeIgniter\View\View->CodeIgniter\View\{closure}()
 4 SYSTEMPATH\Common.php(1176): CodeIgniter\View\View->render('v_mahasiswa_add_2', [], true)
 5 APPPATH\Views\template.php(27): view('v_mahasiswa_add_2')
 6 SYSTEMPATH\View\View.php(224): include('C:\\xampp\\htdocs\\BelajarFrameworkCI\\app\\Views\\template.php')
 7 SYSTEMPATH\View\View.php(227): CodeIgniter\View\View->CodeIgniter\View\{closure}()
 8 SYSTEMPATH\Common.php(1176): CodeIgniter\View\View->render('template', [], true)
 9 APPPATH\Controllers\Mahasiswa2.php(43): view('template', [...])
10 SYSTEMPATH\CodeIgniter.php(932): App\Controllers\Mahasiswa2->add()
11 SYSTEMPATH\CodeIgniter.php(497): CodeIgniter\CodeIgniter->runController(Object(App\Controllers\Mahasiswa2))
12 SYSTEMPATH\CodeIgniter.php(366): CodeIgniter\CodeIgniter->handleRequest(null, Object(Config\Cache), false)
13 FCPATH\index.php(67): CodeIgniter\CodeIgniter->run()
ERROR - 2023-09-29 02:45:08 --> mysqli_sql_exception: Unknown column '$data' in 'field list' in C:\xampp\htdocs\BelajarFrameworkCI\system\Database\MySQLi\Connection.php:295
Stack trace:
#0 C:\xampp\htdocs\BelajarFrameworkCI\system\Database\MySQLi\Connection.php(295): mysqli->query('INSERT INTO `ma...', 0)
#1 C:\xampp\htdocs\BelajarFrameworkCI\system\Database\BaseConnection.php(692): CodeIgniter\Database\MySQLi\Connection->execute('INSERT INTO `ma...')
#2 C:\xampp\htdocs\BelajarFrameworkCI\system\Database\BaseConnection.php(606): CodeIgniter\Database\BaseConnection->simpleQuery('INSERT INTO `ma...')
#3 C:\xampp\htdocs\BelajarFrameworkCI\system\Database\BaseBuilder.php(2309): CodeIgniter\Database\BaseConnection->query('INSERT INTO `ma...', Array, false)
#4 C:\xampp\htdocs\BelajarFrameworkCI\app\Models\M_MahasiswaModel.php(15): CodeIgniter\Database\BaseBuilder->insert('$data')
#5 C:\xampp\htdocs\BelajarFrameworkCI\app\Controllers\Mahasiswa2.php(28): App\Models\M_MahasiswaModel->insertData('$data')
#6 C:\xampp\htdocs\BelajarFrameworkCI\system\CodeIgniter.php(932): App\Controllers\Mahasiswa2->submit()
#7 C:\xampp\htdocs\BelajarFrameworkCI\system\CodeIgniter.php(497): CodeIgniter\CodeIgniter->runController(Object(App\Controllers\Mahasiswa2))
#8 C:\xampp\htdocs\BelajarFrameworkCI\system\CodeIgniter.php(366): CodeIgniter\CodeIgniter->handleRequest(NULL, Object(Config\Cache), false)
#9 C:\xampp\htdocs\BelajarFrameworkCI\public\index.php(67): CodeIgniter\CodeIgniter->run()
#10 {main}
CRITICAL - 2023-09-29 02:45:08 --> Unknown column '$data' in 'field list'
in SYSTEMPATH\Database\MySQLi\Connection.php on line 295.
 1 SYSTEMPATH\Database\MySQLi\Connection.php(295): mysqli->query('INSERT INTO `mahasiswa` (`$data`) VALUES (\'\')', 0)
 2 SYSTEMPATH\Database\BaseConnection.php(692): CodeIgniter\Database\MySQLi\Connection->execute('INSERT INTO `mahasiswa` (`$data`) VALUES (\'\')')
 3 SYSTEMPATH\Database\BaseConnection.php(606): CodeIgniter\Database\BaseConnection->simpleQuery('INSERT INTO `mahasiswa` (`$data`) VALUES (\'\')')
 4 SYSTEMPATH\Database\BaseBuilder.php(2309): CodeIgniter\Database\BaseConnection->query('INSERT INTO `mahasiswa` (`$data`) VALUES (:$data:)', [...], false)
 5 APPPATH\Models\M_MahasiswaModel.php(15): CodeIgniter\Database\BaseBuilder->insert('$data')
 6 APPPATH\Controllers\Mahasiswa2.php(28): App\Models\M_MahasiswaModel->insertData('$data')
 7 SYSTEMPATH\CodeIgniter.php(932): App\Controllers\Mahasiswa2->submit()
 8 SYSTEMPATH\CodeIgniter.php(497): CodeIgniter\CodeIgniter->runController(Object(App\Controllers\Mahasiswa2))
 9 SYSTEMPATH\CodeIgniter.php(366): CodeIgniter\CodeIgniter->handleRequest(null, Object(Config\Cache), false)
10 FCPATH\index.php(67): CodeIgniter\CodeIgniter->run()
ERROR - 2023-09-29 02:46:58 --> mysqli_sql_exception: Unknown column '$data' in 'field list' in C:\xampp\htdocs\BelajarFrameworkCI\system\Database\MySQLi\Connection.php:295
Stack trace:
#0 C:\xampp\htdocs\BelajarFrameworkCI\system\Database\MySQLi\Connection.php(295): mysqli->query('INSERT INTO `ma...', 0)
#1 C:\xampp\htdocs\BelajarFrameworkCI\system\Database\BaseConnection.php(692): CodeIgniter\Database\MySQLi\Connection->execute('INSERT INTO `ma...')
#2 C:\xampp\htdocs\BelajarFrameworkCI\system\Database\BaseConnection.php(606): CodeIgniter\Database\BaseConnection->simpleQuery('INSERT INTO `ma...')
#3 C:\xampp\htdocs\BelajarFrameworkCI\system\Database\BaseBuilder.php(2309): CodeIgniter\Database\BaseConnection->query('INSERT INTO `ma...', Array, false)
#4 C:\xampp\htdocs\BelajarFrameworkCI\app\Models\M_MahasiswaModel.php(15): CodeIgniter\Database\BaseBuilder->insert('$data')
#5 C:\xampp\htdocs\BelajarFrameworkCI\app\Controllers\Mahasiswa2.php(28): App\Models\M_MahasiswaModel->insertData('$data')
#6 C:\xampp\htdocs\BelajarFrameworkCI\system\CodeIgniter.php(932): App\Controllers\Mahasiswa2->submit()
#7 C:\xampp\htdocs\BelajarFrameworkCI\system\CodeIgniter.php(497): CodeIgniter\CodeIgniter->runController(Object(App\Controllers\Mahasiswa2))
#8 C:\xampp\htdocs\BelajarFrameworkCI\system\CodeIgniter.php(366): CodeIgniter\CodeIgniter->handleRequest(NULL, Object(Config\Cache), false)
#9 C:\xampp\htdocs\BelajarFrameworkCI\public\index.php(67): CodeIgniter\CodeIgniter->run()
#10 {main}
CRITICAL - 2023-09-29 02:46:58 --> Unknown column '$data' in 'field list'
in SYSTEMPATH\Database\MySQLi\Connection.php on line 295.
 1 SYSTEMPATH\Database\MySQLi\Connection.php(295): mysqli->query('INSERT INTO `mahasiswa` (`$data`) VALUES (\'\')', 0)
 2 SYSTEMPATH\Database\BaseConnection.php(692): CodeIgniter\Database\MySQLi\Connection->execute('INSERT INTO `mahasiswa` (`$data`) VALUES (\'\')')
 3 SYSTEMPATH\Database\BaseConnection.php(606): CodeIgniter\Database\BaseConnection->simpleQuery('INSERT INTO `mahasiswa` (`$data`) VALUES (\'\')')
 4 SYSTEMPATH\Database\BaseBuilder.php(2309): CodeIgniter\Database\BaseConnection->query('INSERT INTO `mahasiswa` (`$data`) VALUES (:$data:)', [...], false)
 5 APPPATH\Models\M_MahasiswaModel.php(15): CodeIgniter\Database\BaseBuilder->insert('$data')
 6 APPPATH\Controllers\Mahasiswa2.php(28): App\Models\M_MahasiswaModel->insertData('$data')
 7 SYSTEMPATH\CodeIgniter.php(932): App\Controllers\Mahasiswa2->submit()
 8 SYSTEMPATH\CodeIgniter.php(497): CodeIgniter\CodeIgniter->runController(Object(App\Controllers\Mahasiswa2))
 9 SYSTEMPATH\CodeIgniter.php(366): CodeIgniter\CodeIgniter->handleRequest(null, Object(Config\Cache), false)
10 FCPATH\index.php(67): CodeIgniter\CodeIgniter->run()
ERROR - 2023-09-29 02:47:02 --> mysqli_sql_exception: Unknown column '$data' in 'field list' in C:\xampp\htdocs\BelajarFrameworkCI\system\Database\MySQLi\Connection.php:295
Stack trace:
#0 C:\xampp\htdocs\BelajarFrameworkCI\system\Database\MySQLi\Connection.php(295): mysqli->query('INSERT INTO `ma...', 0)
#1 C:\xampp\htdocs\BelajarFrameworkCI\system\Database\BaseConnection.php(692): CodeIgniter\Database\MySQLi\Connection->execute('INSERT INTO `ma...')
#2 C:\xampp\htdocs\BelajarFrameworkCI\system\Database\BaseConnection.php(606): CodeIgniter\Database\BaseConnection->simpleQuery('INSERT INTO `ma...')
#3 C:\xampp\htdocs\BelajarFrameworkCI\system\Database\BaseBuilder.php(2309): CodeIgniter\Database\BaseConnection->query('INSERT INTO `ma...', Array, false)
#4 C:\xampp\htdocs\BelajarFrameworkCI\app\Models\M_MahasiswaModel.php(15): CodeIgniter\Database\BaseBuilder->insert('$data')
#5 C:\xampp\htdocs\BelajarFrameworkCI\app\Controllers\Mahasiswa2.php(28): App\Models\M_MahasiswaModel->insertData('$data')
#6 C:\xampp\htdocs\BelajarFrameworkCI\system\CodeIgniter.php(932): App\Controllers\Mahasiswa2->submit()
#7 C:\xampp\htdocs\BelajarFrameworkCI\system\CodeIgniter.php(497): CodeIgniter\CodeIgniter->runController(Object(App\Controllers\Mahasiswa2))
#8 C:\xampp\htdocs\BelajarFrameworkCI\system\CodeIgniter.php(366): CodeIgniter\CodeIgniter->handleRequest(NULL, Object(Config\Cache), false)
#9 C:\xampp\htdocs\BelajarFrameworkCI\public\index.php(67): CodeIgniter\CodeIgniter->run()
#10 {main}
CRITICAL - 2023-09-29 02:47:02 --> Unknown column '$data' in 'field list'
in SYSTEMPATH\Database\MySQLi\Connection.php on line 295.
 1 SYSTEMPATH\Database\MySQLi\Connection.php(295): mysqli->query('INSERT INTO `mahasiswa` (`$data`) VALUES (\'\')', 0)
 2 SYSTEMPATH\Database\BaseConnection.php(692): CodeIgniter\Database\MySQLi\Connection->execute('INSERT INTO `mahasiswa` (`$data`) VALUES (\'\')')
 3 SYSTEMPATH\Database\BaseConnection.php(606): CodeIgniter\Database\BaseConnection->simpleQuery('INSERT INTO `mahasiswa` (`$data`) VALUES (\'\')')
 4 SYSTEMPATH\Database\BaseBuilder.php(2309): CodeIgniter\Database\BaseConnection->query('INSERT INTO `mahasiswa` (`$data`) VALUES (:$data:)', [...], false)
 5 APPPATH\Models\M_MahasiswaModel.php(15): CodeIgniter\Database\BaseBuilder->insert('$data')
 6 APPPATH\Controllers\Mahasiswa2.php(28): App\Models\M_MahasiswaModel->insertData('$data')
 7 SYSTEMPATH\CodeIgniter.php(932): App\Controllers\Mahasiswa2->submit()
 8 SYSTEMPATH\CodeIgniter.php(497): CodeIgniter\CodeIgniter->runController(Object(App\Controllers\Mahasiswa2))
 9 SYSTEMPATH\CodeIgniter.php(366): CodeIgniter\CodeIgniter->handleRequest(null, Object(Config\Cache), false)
10 FCPATH\index.php(67): CodeIgniter\CodeIgniter->run()
ERROR - 2023-09-29 02:47:05 --> mysqli_sql_exception: Unknown column '$data' in 'field list' in C:\xampp\htdocs\BelajarFrameworkCI\system\Database\MySQLi\Connection.php:295
Stack trace:
#0 C:\xampp\htdocs\BelajarFrameworkCI\system\Database\MySQLi\Connection.php(295): mysqli->query('INSERT INTO `ma...', 0)
#1 C:\xampp\htdocs\BelajarFrameworkCI\system\Database\BaseConnection.php(692): CodeIgniter\Database\MySQLi\Connection->execute('INSERT INTO `ma...')
#2 C:\xampp\htdocs\BelajarFrameworkCI\system\Database\BaseConnection.php(606): CodeIgniter\Database\BaseConnection->simpleQuery('INSERT INTO `ma...')
#3 C:\xampp\htdocs\BelajarFrameworkCI\system\Database\BaseBuilder.php(2309): CodeIgniter\Database\BaseConnection->query('INSERT INTO `ma...', Array, false)
#4 C:\xampp\htdocs\BelajarFrameworkCI\app\Models\M_MahasiswaModel.php(15): CodeIgniter\Database\BaseBuilder->insert('$data')
#5 C:\xampp\htdocs\BelajarFrameworkCI\app\Controllers\Mahasiswa2.php(28): App\Models\M_MahasiswaModel->insertData('$data')
#6 C:\xampp\htdocs\BelajarFrameworkCI\system\CodeIgniter.php(932): App\Controllers\Mahasiswa2->submit()
#7 C:\xampp\htdocs\BelajarFrameworkCI\system\CodeIgniter.php(497): CodeIgniter\CodeIgniter->runController(Object(App\Controllers\Mahasiswa2))
#8 C:\xampp\htdocs\BelajarFrameworkCI\system\CodeIgniter.php(366): CodeIgniter\CodeIgniter->handleRequest(NULL, Object(Config\Cache), false)
#9 C:\xampp\htdocs\BelajarFrameworkCI\public\index.php(67): CodeIgniter\CodeIgniter->run()
#10 {main}
CRITICAL - 2023-09-29 02:47:05 --> Unknown column '$data' in 'field list'
in SYSTEMPATH\Database\MySQLi\Connection.php on line 295.
 1 SYSTEMPATH\Database\MySQLi\Connection.php(295): mysqli->query('INSERT INTO `mahasiswa` (`$data`) VALUES (\'\')', 0)
 2 SYSTEMPATH\Database\BaseConnection.php(692): CodeIgniter\Database\MySQLi\Connection->execute('INSERT INTO `mahasiswa` (`$data`) VALUES (\'\')')
 3 SYSTEMPATH\Database\BaseConnection.php(606): CodeIgniter\Database\BaseConnection->simpleQuery('INSERT INTO `mahasiswa` (`$data`) VALUES (\'\')')
 4 SYSTEMPATH\Database\BaseBuilder.php(2309): CodeIgniter\Database\BaseConnection->query('INSERT INTO `mahasiswa` (`$data`) VALUES (:$data:)', [...], false)
 5 APPPATH\Models\M_MahasiswaModel.php(15): CodeIgniter\Database\BaseBuilder->insert('$data')
 6 APPPATH\Controllers\Mahasiswa2.php(28): App\Models\M_MahasiswaModel->insertData('$data')
 7 SYSTEMPATH\CodeIgniter.php(932): App\Controllers\Mahasiswa2->submit()
 8 SYSTEMPATH\CodeIgniter.php(497): CodeIgniter\CodeIgniter->runController(Object(App\Controllers\Mahasiswa2))
 9 SYSTEMPATH\CodeIgniter.php(366): CodeIgniter\CodeIgniter->handleRequest(null, Object(Config\Cache), false)
10 FCPATH\index.php(67): CodeIgniter\CodeIgniter->run()
ERROR - 2023-09-29 02:49:05 --> mysqli_sql_exception: Unknown column '$data' in 'field list' in C:\xampp\htdocs\BelajarFrameworkCI\system\Database\MySQLi\Connection.php:295
Stack trace:
#0 C:\xampp\htdocs\BelajarFrameworkCI\system\Database\MySQLi\Connection.php(295): mysqli->query('INSERT INTO `ma...', 0)
#1 C:\xampp\htdocs\BelajarFrameworkCI\system\Database\BaseConnection.php(692): CodeIgniter\Database\MySQLi\Connection->execute('INSERT INTO `ma...')
#2 C:\xampp\htdocs\BelajarFrameworkCI\system\Database\BaseConnection.php(606): CodeIgniter\Database\BaseConnection->simpleQuery('INSERT INTO `ma...')
#3 C:\xampp\htdocs\BelajarFrameworkCI\system\Database\BaseBuilder.php(2309): CodeIgniter\Database\BaseConnection->query('INSERT INTO `ma...', Array, false)
#4 C:\xampp\htdocs\BelajarFrameworkCI\app\Models\M_MahasiswaModel.php(15): CodeIgniter\Database\BaseBuilder->insert('$data')
#5 C:\xampp\htdocs\BelajarFrameworkCI\app\Controllers\Mahasiswa2.php(28): App\Models\M_MahasiswaModel->insertData('$data')
#6 C:\xampp\htdocs\BelajarFrameworkCI\system\CodeIgniter.php(932): App\Controllers\Mahasiswa2->submit()
#7 C:\xampp\htdocs\BelajarFrameworkCI\system\CodeIgniter.php(497): CodeIgniter\CodeIgniter->runController(Object(App\Controllers\Mahasiswa2))
#8 C:\xampp\htdocs\BelajarFrameworkCI\system\CodeIgniter.php(366): CodeIgniter\CodeIgniter->handleRequest(NULL, Object(Config\Cache), false)
#9 C:\xampp\htdocs\BelajarFrameworkCI\public\index.php(67): CodeIgniter\CodeIgniter->run()
#10 {main}
CRITICAL - 2023-09-29 02:49:06 --> Unknown column '$data' in 'field list'
in SYSTEMPATH\Database\MySQLi\Connection.php on line 295.
 1 SYSTEMPATH\Database\MySQLi\Connection.php(295): mysqli->query('INSERT INTO `mahasiswa` (`$data`) VALUES (\'\')', 0)
 2 SYSTEMPATH\Database\BaseConnection.php(692): CodeIgniter\Database\MySQLi\Connection->execute('INSERT INTO `mahasiswa` (`$data`) VALUES (\'\')')
 3 SYSTEMPATH\Database\BaseConnection.php(606): CodeIgniter\Database\BaseConnection->simpleQuery('INSERT INTO `mahasiswa` (`$data`) VALUES (\'\')')
 4 SYSTEMPATH\Database\BaseBuilder.php(2309): CodeIgniter\Database\BaseConnection->query('INSERT INTO `mahasiswa` (`$data`) VALUES (:$data:)', [...], false)
 5 APPPATH\Models\M_MahasiswaModel.php(15): CodeIgniter\Database\BaseBuilder->insert('$data')
 6 APPPATH\Controllers\Mahasiswa2.php(28): App\Models\M_MahasiswaModel->insertData('$data')
 7 SYSTEMPATH\CodeIgniter.php(932): App\Controllers\Mahasiswa2->submit()
 8 SYSTEMPATH\CodeIgniter.php(497): CodeIgniter\CodeIgniter->runController(Object(App\Controllers\Mahasiswa2))
 9 SYSTEMPATH\CodeIgniter.php(366): CodeIgniter\CodeIgniter->handleRequest(null, Object(Config\Cache), false)
10 FCPATH\index.php(67): CodeIgniter\CodeIgniter->run()
ERROR - 2023-09-29 02:49:43 --> mysqli_sql_exception: Column 'nama_mhs' cannot be null in C:\xampp\htdocs\BelajarFrameworkCI\system\Database\MySQLi\Connection.php:295
Stack trace:
#0 C:\xampp\htdocs\BelajarFrameworkCI\system\Database\MySQLi\Connection.php(295): mysqli->query('INSERT INTO `ma...', 0)
#1 C:\xampp\htdocs\BelajarFrameworkCI\system\Database\BaseConnection.php(692): CodeIgniter\Database\MySQLi\Connection->execute('INSERT INTO `ma...')
#2 C:\xampp\htdocs\BelajarFrameworkCI\system\Database\BaseConnection.php(606): CodeIgniter\Database\BaseConnection->simpleQuery('INSERT INTO `ma...')
#3 C:\xampp\htdocs\BelajarFrameworkCI\system\Database\BaseBuilder.php(2309): CodeIgniter\Database\BaseConnection->query('INSERT INTO `ma...', Array, false)
#4 C:\xampp\htdocs\BelajarFrameworkCI\app\Models\M_MahasiswaModel.php(15): CodeIgniter\Database\BaseBuilder->insert(Array)
#5 C:\xampp\htdocs\BelajarFrameworkCI\app\Controllers\Mahasiswa2.php(28): App\Models\M_MahasiswaModel->insertData(Array)
#6 C:\xampp\htdocs\BelajarFrameworkCI\system\CodeIgniter.php(932): App\Controllers\Mahasiswa2->submit()
#7 C:\xampp\htdocs\BelajarFrameworkCI\system\CodeIgniter.php(497): CodeIgniter\CodeIgniter->runController(Object(App\Controllers\Mahasiswa2))
#8 C:\xampp\htdocs\BelajarFrameworkCI\system\CodeIgniter.php(366): CodeIgniter\CodeIgniter->handleRequest(NULL, Object(Config\Cache), false)
#9 C:\xampp\htdocs\BelajarFrameworkCI\public\index.php(67): CodeIgniter\CodeIgniter->run()
#10 {main}
CRITICAL - 2023-09-29 02:49:43 --> Column 'nama_mhs' cannot be null
in SYSTEMPATH\Database\MySQLi\Connection.php on line 295.
 1 SYSTEMPATH\Database\MySQLi\Connection.php(295): mysqli->query('INSERT INTO `mahasiswa` (`nim`, `nama_mhs`, `jenis_kelamin`, `tgl_lahir`) VALUES (\'2111016110009\', NULL, NULL, \'2023-09-29\')', 0)
 2 SYSTEMPATH\Database\BaseConnection.php(692): CodeIgniter\Database\MySQLi\Connection->execute('INSERT INTO `mahasiswa` (`nim`, `nama_mhs`, `jenis_kelamin`, `tgl_lahir`) VALUES (\'2111016110009\', NULL, NULL, \'2023-09-29\')')
 3 SYSTEMPATH\Database\BaseConnection.php(606): CodeIgniter\Database\BaseConnection->simpleQuery('INSERT INTO `mahasiswa` (`nim`, `nama_mhs`, `jenis_kelamin`, `tgl_lahir`) VALUES (\'2111016110009\', NULL, NULL, \'2023-09-29\')')
 4 SYSTEMPATH\Database\BaseBuilder.php(2309): CodeIgniter\Database\BaseConnection->query('INSERT INTO `mahasiswa` (`nim`, `nama_mhs`, `jenis_kelamin`, `tgl_lahir`) VALUES (:nim:, :nama_mhs:, :jenis_kelamin:, :tgl_lahir:)', [...], false)
 5 APPPATH\Models\M_MahasiswaModel.php(15): CodeIgniter\Database\BaseBuilder->insert([...])
 6 APPPATH\Controllers\Mahasiswa2.php(28): App\Models\M_MahasiswaModel->insertData([...])
 7 SYSTEMPATH\CodeIgniter.php(932): App\Controllers\Mahasiswa2->submit()
 8 SYSTEMPATH\CodeIgniter.php(497): CodeIgniter\CodeIgniter->runController(Object(App\Controllers\Mahasiswa2))
 9 SYSTEMPATH\CodeIgniter.php(366): CodeIgniter\CodeIgniter->handleRequest(null, Object(Config\Cache), false)
10 FCPATH\index.php(67): CodeIgniter\CodeIgniter->run()
ERROR - 2023-09-29 02:49:51 --> mysqli_sql_exception: Column 'nama_mhs' cannot be null in C:\xampp\htdocs\BelajarFrameworkCI\system\Database\MySQLi\Connection.php:295
Stack trace:
#0 C:\xampp\htdocs\BelajarFrameworkCI\system\Database\MySQLi\Connection.php(295): mysqli->query('INSERT INTO `ma...', 0)
#1 C:\xampp\htdocs\BelajarFrameworkCI\system\Database\BaseConnection.php(692): CodeIgniter\Database\MySQLi\Connection->execute('INSERT INTO `ma...')
#2 C:\xampp\htdocs\BelajarFrameworkCI\system\Database\BaseConnection.php(606): CodeIgniter\Database\BaseConnection->simpleQuery('INSERT INTO `ma...')
#3 C:\xampp\htdocs\BelajarFrameworkCI\system\Database\BaseBuilder.php(2309): CodeIgniter\Database\BaseConnection->query('INSERT INTO `ma...', Array, false)
#4 C:\xampp\htdocs\BelajarFrameworkCI\app\Models\M_MahasiswaModel.php(15): CodeIgniter\Database\BaseBuilder->insert(Array)
#5 C:\xampp\htdocs\BelajarFrameworkCI\app\Controllers\Mahasiswa2.php(28): App\Models\M_MahasiswaModel->insertData(Array)
#6 C:\xampp\htdocs\BelajarFrameworkCI\system\CodeIgniter.php(932): App\Controllers\Mahasiswa2->submit()
#7 C:\xampp\htdocs\BelajarFrameworkCI\system\CodeIgniter.php(497): CodeIgniter\CodeIgniter->runController(Object(App\Controllers\Mahasiswa2))
#8 C:\xampp\htdocs\BelajarFrameworkCI\system\CodeIgniter.php(366): CodeIgniter\CodeIgniter->handleRequest(NULL, Object(Config\Cache), false)
#9 C:\xampp\htdocs\BelajarFrameworkCI\public\index.php(67): CodeIgniter\CodeIgniter->run()
#10 {main}
CRITICAL - 2023-09-29 02:49:51 --> Column 'nama_mhs' cannot be null
in SYSTEMPATH\Database\MySQLi\Connection.php on line 295.
 1 SYSTEMPATH\Database\MySQLi\Connection.php(295): mysqli->query('INSERT INTO `mahasiswa` (`nim`, `nama_mhs`, `jenis_kelamin`, `tgl_lahir`) VALUES (\'2111016110009\', NULL, NULL, \'2023-09-29\')', 0)
 2 SYSTEMPATH\Database\BaseConnection.php(692): CodeIgniter\Database\MySQLi\Connection->execute('INSERT INTO `mahasiswa` (`nim`, `nama_mhs`, `jenis_kelamin`, `tgl_lahir`) VALUES (\'2111016110009\', NULL, NULL, \'2023-09-29\')')
 3 SYSTEMPATH\Database\BaseConnection.php(606): CodeIgniter\Database\BaseConnection->simpleQuery('INSERT INTO `mahasiswa` (`nim`, `nama_mhs`, `jenis_kelamin`, `tgl_lahir`) VALUES (\'2111016110009\', NULL, NULL, \'2023-09-29\')')
 4 SYSTEMPATH\Database\BaseBuilder.php(2309): CodeIgniter\Database\BaseConnection->query('INSERT INTO `mahasiswa` (`nim`, `nama_mhs`, `jenis_kelamin`, `tgl_lahir`) VALUES (:nim:, :nama_mhs:, :jenis_kelamin:, :tgl_lahir:)', [...], false)
 5 APPPATH\Models\M_MahasiswaModel.php(15): CodeIgniter\Database\BaseBuilder->insert([...])
 6 APPPATH\Controllers\Mahasiswa2.php(28): App\Models\M_MahasiswaModel->insertData([...])
 7 SYSTEMPATH\CodeIgniter.php(932): App\Controllers\Mahasiswa2->submit()
 8 SYSTEMPATH\CodeIgniter.php(497): CodeIgniter\CodeIgniter->runController(Object(App\Controllers\Mahasiswa2))
 9 SYSTEMPATH\CodeIgniter.php(366): CodeIgniter\CodeIgniter->handleRequest(null, Object(Config\Cache), false)
10 FCPATH\index.php(67): CodeIgniter\CodeIgniter->run()
ERROR - 2023-09-29 02:50:52 --> mysqli_sql_exception: Column 'jenis_kelamin' cannot be null in C:\xampp\htdocs\BelajarFrameworkCI\system\Database\MySQLi\Connection.php:295
Stack trace:
#0 C:\xampp\htdocs\BelajarFrameworkCI\system\Database\MySQLi\Connection.php(295): mysqli->query('INSERT INTO `ma...', 0)
#1 C:\xampp\htdocs\BelajarFrameworkCI\system\Database\BaseConnection.php(692): CodeIgniter\Database\MySQLi\Connection->execute('INSERT INTO `ma...')
#2 C:\xampp\htdocs\BelajarFrameworkCI\system\Database\BaseConnection.php(606): CodeIgniter\Database\BaseConnection->simpleQuery('INSERT INTO `ma...')
#3 C:\xampp\htdocs\BelajarFrameworkCI\system\Database\BaseBuilder.php(2309): CodeIgniter\Database\BaseConnection->query('INSERT INTO `ma...', Array, false)
#4 C:\xampp\htdocs\BelajarFrameworkCI\app\Models\M_MahasiswaModel.php(15): CodeIgniter\Database\BaseBuilder->insert(Array)
#5 C:\xampp\htdocs\BelajarFrameworkCI\app\Controllers\Mahasiswa2.php(28): App\Models\M_MahasiswaModel->insertData(Array)
#6 C:\xampp\htdocs\BelajarFrameworkCI\system\CodeIgniter.php(932): App\Controllers\Mahasiswa2->submit()
#7 C:\xampp\htdocs\BelajarFrameworkCI\system\CodeIgniter.php(497): CodeIgniter\CodeIgniter->runController(Object(App\Controllers\Mahasiswa2))
#8 C:\xampp\htdocs\BelajarFrameworkCI\system\CodeIgniter.php(366): CodeIgniter\CodeIgniter->handleRequest(NULL, Object(Config\Cache), false)
#9 C:\xampp\htdocs\BelajarFrameworkCI\public\index.php(67): CodeIgniter\CodeIgniter->run()
#10 {main}
CRITICAL - 2023-09-29 02:50:52 --> Column 'jenis_kelamin' cannot be null
in SYSTEMPATH\Database\MySQLi\Connection.php on line 295.
 1 SYSTEMPATH\Database\MySQLi\Connection.php(295): mysqli->query('INSERT INTO `mahasiswa` (`nim`, `nama_mhs`, `jenis_kelamin`, `tgl_lahir`) VALUES (\'2111016110009\', \'Percobaan\', NULL, \'2023-09-29\')', 0)
 2 SYSTEMPATH\Database\BaseConnection.php(692): CodeIgniter\Database\MySQLi\Connection->execute('INSERT INTO `mahasiswa` (`nim`, `nama_mhs`, `jenis_kelamin`, `tgl_lahir`) VALUES (\'2111016110009\', \'Percobaan\', NULL, \'2023-09-29\')')
 3 SYSTEMPATH\Database\BaseConnection.php(606): CodeIgniter\Database\BaseConnection->simpleQuery('INSERT INTO `mahasiswa` (`nim`, `nama_mhs`, `jenis_kelamin`, `tgl_lahir`) VALUES (\'2111016110009\', \'Percobaan\', NULL, \'2023-09-29\')')
 4 SYSTEMPATH\Database\BaseBuilder.php(2309): CodeIgniter\Database\BaseConnection->query('INSERT INTO `mahasiswa` (`nim`, `nama_mhs`, `jenis_kelamin`, `tgl_lahir`) VALUES (:nim:, :nama_mhs:, :jenis_kelamin:, :tgl_lahir:)', [...], false)
 5 APPPATH\Models\M_MahasiswaModel.php(15): CodeIgniter\Database\BaseBuilder->insert([...])
 6 APPPATH\Controllers\Mahasiswa2.php(28): App\Models\M_MahasiswaModel->insertData([...])
 7 SYSTEMPATH\CodeIgniter.php(932): App\Controllers\Mahasiswa2->submit()
 8 SYSTEMPATH\CodeIgniter.php(497): CodeIgniter\CodeIgniter->runController(Object(App\Controllers\Mahasiswa2))
 9 SYSTEMPATH\CodeIgniter.php(366): CodeIgniter\CodeIgniter->handleRequest(null, Object(Config\Cache), false)
10 FCPATH\index.php(67): CodeIgniter\CodeIgniter->run()
