CRITICAL - 2023-09-22 00:46:22 --> Call to undefined function form_open()
in APPPATH\Views\v_mahasiswa_add.php on line 2.
 1 SYSTEMPATH\View\View.php(224): include()
 2 SYSTEMPATH\View\View.php(227): CodeIgniter\View\View->CodeIgniter\View\{closure}()
 3 SYSTEMPATH\Common.php(1176): CodeIgniter\View\View->render('v_mahasiswa_add.php', [], true)
 4 APPPATH\Controllers\Mahasiswa.php(6): view('v_mahasiswa_add.php')
 5 SYSTEMPATH\CodeIgniter.php(932): App\Controllers\Mahasiswa->index()
 6 SYSTEMPATH\CodeIgniter.php(497): CodeIgniter\CodeIgniter->runController(Object(App\Controllers\Mahasiswa))
 7 SYSTEMPATH\CodeIgniter.php(366): CodeIgniter\CodeIgniter->handleRequest(null, Object(Config\Cache), false)
 8 FCPATH\index.php(67): CodeIgniter\CodeIgniter->run()
CRITICAL - 2023-09-22 00:48:22 --> Call to undefined function form_open()
in APPPATH\Views\v_mahasiswa_add.php on line 2.
 1 SYSTEMPATH\View\View.php(224): include()
 2 SYSTEMPATH\View\View.php(227): CodeIgniter\View\View->CodeIgniter\View\{closure}()
 3 SYSTEMPATH\Common.php(1176): CodeIgniter\View\View->render('v_mahasiswa_add.php', [], true)
 4 APPPATH\Controllers\Mahasiswa.php(6): view('v_mahasiswa_add.php')
 5 SYSTEMPATH\CodeIgniter.php(932): App\Controllers\Mahasiswa->index()
 6 SYSTEMPATH\CodeIgniter.php(497): CodeIgniter\CodeIgniter->runController(Object(App\Controllers\Mahasiswa))
 7 SYSTEMPATH\CodeIgniter.php(366): CodeIgniter\CodeIgniter->handleRequest(null, Object(Config\Cache), false)
 8 FCPATH\index.php(67): CodeIgniter\CodeIgniter->run()
CRITICAL - 2023-09-22 00:48:24 --> Call to undefined function form_open()
in APPPATH\Views\v_mahasiswa_add.php on line 2.
 1 SYSTEMPATH\View\View.php(224): include()
 2 SYSTEMPATH\View\View.php(227): CodeIgniter\View\View->CodeIgniter\View\{closure}()
 3 SYSTEMPATH\Common.php(1176): CodeIgniter\View\View->render('v_mahasiswa_add.php', [], true)
 4 APPPATH\Controllers\Mahasiswa.php(6): view('v_mahasiswa_add.php')
 5 SYSTEMPATH\CodeIgniter.php(932): App\Controllers\Mahasiswa->index()
 6 SYSTEMPATH\CodeIgniter.php(497): CodeIgniter\CodeIgniter->runController(Object(App\Controllers\Mahasiswa))
 7 SYSTEMPATH\CodeIgniter.php(366): CodeIgniter\CodeIgniter->handleRequest(null, Object(Config\Cache), false)
 8 FCPATH\index.php(67): CodeIgniter\CodeIgniter->run()
CRITICAL - 2023-09-22 01:36:31 --> Undefined array key "farmasi"
in APPPATH\Controllers\Mahasiswa.php on line 24.
 1 APPPATH\Controllers\Mahasiswa.php(24): CodeIgniter\Debug\Exceptions->errorHandler(2, 'Undefined array key "farmasi"', 'C:\\xampp\\htdocs\\BelajarFrameworkCI\\app\\Controllers\\Mahasiswa.php', 24)
 2 SYSTEMPATH\CodeIgniter.php(932): App\Controllers\Mahasiswa->save()
 3 SYSTEMPATH\CodeIgniter.php(497): CodeIgniter\CodeIgniter->runController(Object(App\Controllers\Mahasiswa))
 4 SYSTEMPATH\CodeIgniter.php(366): CodeIgniter\CodeIgniter->handleRequest(null, Object(Config\Cache), false)
 5 FCPATH\index.php(67): CodeIgniter\CodeIgniter->run()
