CRITICAL - 2023-10-13 01:28:31 --> Too few arguments to function App\Controllers\Mahasiswa_C::delete(), 0 passed in C:\xampp\htdocs\BelajarFrameworkCI\system\CodeIgniter.php on line 932 and exactly 1 expected
in APPPATH\Controllers\Mahasiswa_C.php on line 86.
 1 SYSTEMPATH\CodeIgniter.php(932): App\Controllers\Mahasiswa_C->delete()
 2 SYSTEMPATH\CodeIgniter.php(497): CodeIgniter\CodeIgniter->runController(Object(App\Controllers\Mahasiswa_C))
 3 SYSTEMPATH\CodeIgniter.php(366): CodeIgniter\CodeIgniter->handleRequest(null, Object(Config\Cache), false)
 4 FCPATH\index.php(67): CodeIgniter\CodeIgniter->run()
CRITICAL - 2023-10-13 01:28:36 --> Too few arguments to function App\Controllers\Mahasiswa_C::edit(), 0 passed in C:\xampp\htdocs\BelajarFrameworkCI\system\CodeIgniter.php on line 932 and exactly 1 expected
in APPPATH\Controllers\Mahasiswa_C.php on line 49.
 1 SYSTEMPATH\CodeIgniter.php(932): App\Controllers\Mahasiswa_C->edit()
 2 SYSTEMPATH\CodeIgniter.php(497): CodeIgniter\CodeIgniter->runController(Object(App\Controllers\Mahasiswa_C))
 3 SYSTEMPATH\CodeIgniter.php(366): CodeIgniter\CodeIgniter->handleRequest(null, Object(Config\Cache), false)
 4 FCPATH\index.php(67): CodeIgniter\CodeIgniter->run()
CRITICAL - 2023-10-13 01:34:22 --> Attempt to read property "nim" on array
in APPPATH\Views\V_Mahasiswa2.php on line 96.
 1 APPPATH\Views\V_Mahasiswa2.php(96): CodeIgniter\Debug\Exceptions->errorHandler(2, 'Attempt to read property "nim" on array', 'C:\\xampp\\htdocs\\BelajarFrameworkCI\\app\\Views\\V_Mahasiswa2.php', 96)
 2 SYSTEMPATH\View\View.php(224): include('C:\\xampp\\htdocs\\BelajarFrameworkCI\\app\\Views\\V_Mahasiswa2.php')
 3 SYSTEMPATH\View\View.php(227): CodeIgniter\View\View->CodeIgniter\View\{closure}()
 4 SYSTEMPATH\Common.php(1176): CodeIgniter\View\View->render('V_Mahasiswa2', [], true)
 5 APPPATH\Views\template.php(30): view('V_Mahasiswa2')
 6 SYSTEMPATH\View\View.php(224): include('C:\\xampp\\htdocs\\BelajarFrameworkCI\\app\\Views\\template.php')
 7 SYSTEMPATH\View\View.php(227): CodeIgniter\View\View->CodeIgniter\View\{closure}()
 8 SYSTEMPATH\Common.php(1176): CodeIgniter\View\View->render('template', [], true)
 9 APPPATH\Controllers\Mahasiswa_C.php(19): view('template', [...])
10 SYSTEMPATH\CodeIgniter.php(932): App\Controllers\Mahasiswa_C->index()
11 SYSTEMPATH\CodeIgniter.php(497): CodeIgniter\CodeIgniter->runController(Object(App\Controllers\Mahasiswa_C))
12 SYSTEMPATH\CodeIgniter.php(366): CodeIgniter\CodeIgniter->handleRequest(null, Object(Config\Cache), false)
13 FCPATH\index.php(67): CodeIgniter\CodeIgniter->run()
CRITICAL - 2023-10-13 01:34:31 --> Attempt to read property "nim" on array
in APPPATH\Views\V_Mahasiswa2.php on line 96.
 1 APPPATH\Views\V_Mahasiswa2.php(96): CodeIgniter\Debug\Exceptions->errorHandler(2, 'Attempt to read property "nim" on array', 'C:\\xampp\\htdocs\\BelajarFrameworkCI\\app\\Views\\V_Mahasiswa2.php', 96)
 2 SYSTEMPATH\View\View.php(224): include('C:\\xampp\\htdocs\\BelajarFrameworkCI\\app\\Views\\V_Mahasiswa2.php')
 3 SYSTEMPATH\View\View.php(227): CodeIgniter\View\View->CodeIgniter\View\{closure}()
 4 SYSTEMPATH\Common.php(1176): CodeIgniter\View\View->render('V_Mahasiswa2', [], true)
 5 APPPATH\Views\template.php(30): view('V_Mahasiswa2')
 6 SYSTEMPATH\View\View.php(224): include('C:\\xampp\\htdocs\\BelajarFrameworkCI\\app\\Views\\template.php')
 7 SYSTEMPATH\View\View.php(227): CodeIgniter\View\View->CodeIgniter\View\{closure}()
 8 SYSTEMPATH\Common.php(1176): CodeIgniter\View\View->render('template', [], true)
 9 APPPATH\Controllers\Mahasiswa_C.php(19): view('template', [...])
10 SYSTEMPATH\CodeIgniter.php(932): App\Controllers\Mahasiswa_C->index()
11 SYSTEMPATH\CodeIgniter.php(497): CodeIgniter\CodeIgniter->runController(Object(App\Controllers\Mahasiswa_C))
12 SYSTEMPATH\CodeIgniter.php(366): CodeIgniter\CodeIgniter->handleRequest(null, Object(Config\Cache), false)
13 FCPATH\index.php(67): CodeIgniter\CodeIgniter->run()
CRITICAL - 2023-10-13 01:34:54 --> Attempt to read property "nim" on array
in APPPATH\Views\V_Mahasiswa2.php on line 96.
 1 APPPATH\Views\V_Mahasiswa2.php(96): CodeIgniter\Debug\Exceptions->errorHandler(2, 'Attempt to read property "nim" on array', 'C:\\xampp\\htdocs\\BelajarFrameworkCI\\app\\Views\\V_Mahasiswa2.php', 96)
 2 SYSTEMPATH\View\View.php(224): include('C:\\xampp\\htdocs\\BelajarFrameworkCI\\app\\Views\\V_Mahasiswa2.php')
 3 SYSTEMPATH\View\View.php(227): CodeIgniter\View\View->CodeIgniter\View\{closure}()
 4 SYSTEMPATH\Common.php(1176): CodeIgniter\View\View->render('V_Mahasiswa2', [], true)
 5 APPPATH\Views\template.php(30): view('V_Mahasiswa2')
 6 SYSTEMPATH\View\View.php(224): include('C:\\xampp\\htdocs\\BelajarFrameworkCI\\app\\Views\\template.php')
 7 SYSTEMPATH\View\View.php(227): CodeIgniter\View\View->CodeIgniter\View\{closure}()
 8 SYSTEMPATH\Common.php(1176): CodeIgniter\View\View->render('template', [], true)
 9 APPPATH\Controllers\Mahasiswa_C.php(19): view('template', [...])
10 SYSTEMPATH\CodeIgniter.php(932): App\Controllers\Mahasiswa_C->index()
11 SYSTEMPATH\CodeIgniter.php(497): CodeIgniter\CodeIgniter->runController(Object(App\Controllers\Mahasiswa_C))
12 SYSTEMPATH\CodeIgniter.php(366): CodeIgniter\CodeIgniter->handleRequest(null, Object(Config\Cache), false)
13 FCPATH\index.php(67): CodeIgniter\CodeIgniter->run()
CRITICAL - 2023-10-13 01:37:01 --> Attempt to read property "nim" on array
in APPPATH\Views\V_Mahasiswa2.php on line 96.
 1 APPPATH\Views\V_Mahasiswa2.php(96): CodeIgniter\Debug\Exceptions->errorHandler(2, 'Attempt to read property "nim" on array', 'C:\\xampp\\htdocs\\BelajarFrameworkCI\\app\\Views\\V_Mahasiswa2.php', 96)
 2 SYSTEMPATH\View\View.php(224): include('C:\\xampp\\htdocs\\BelajarFrameworkCI\\app\\Views\\V_Mahasiswa2.php')
 3 SYSTEMPATH\View\View.php(227): CodeIgniter\View\View->CodeIgniter\View\{closure}()
 4 SYSTEMPATH\Common.php(1176): CodeIgniter\View\View->render('V_Mahasiswa2', [], true)
 5 APPPATH\Views\template.php(30): view('V_Mahasiswa2')
 6 SYSTEMPATH\View\View.php(224): include('C:\\xampp\\htdocs\\BelajarFrameworkCI\\app\\Views\\template.php')
 7 SYSTEMPATH\View\View.php(227): CodeIgniter\View\View->CodeIgniter\View\{closure}()
 8 SYSTEMPATH\Common.php(1176): CodeIgniter\View\View->render('template', [], true)
 9 APPPATH\Controllers\Mahasiswa_C.php(19): view('template', [...])
10 SYSTEMPATH\CodeIgniter.php(932): App\Controllers\Mahasiswa_C->index()
11 SYSTEMPATH\CodeIgniter.php(497): CodeIgniter\CodeIgniter->runController(Object(App\Controllers\Mahasiswa_C))
12 SYSTEMPATH\CodeIgniter.php(366): CodeIgniter\CodeIgniter->handleRequest(null, Object(Config\Cache), false)
13 FCPATH\index.php(67): CodeIgniter\CodeIgniter->run()
CRITICAL - 2023-10-13 01:40:26 --> Attempt to read property "nim" on array
in APPPATH\Views\V_Mahasiswa2.php on line 97.
 1 APPPATH\Views\V_Mahasiswa2.php(97): CodeIgniter\Debug\Exceptions->errorHandler(2, 'Attempt to read property "nim" on array', 'C:\\xampp\\htdocs\\BelajarFrameworkCI\\app\\Views\\V_Mahasiswa2.php', 97)
 2 SYSTEMPATH\View\View.php(224): include('C:\\xampp\\htdocs\\BelajarFrameworkCI\\app\\Views\\V_Mahasiswa2.php')
 3 SYSTEMPATH\View\View.php(227): CodeIgniter\View\View->CodeIgniter\View\{closure}()
 4 SYSTEMPATH\Common.php(1176): CodeIgniter\View\View->render('V_Mahasiswa2', [], true)
 5 APPPATH\Views\template.php(30): view('V_Mahasiswa2')
 6 SYSTEMPATH\View\View.php(224): include('C:\\xampp\\htdocs\\BelajarFrameworkCI\\app\\Views\\template.php')
 7 SYSTEMPATH\View\View.php(227): CodeIgniter\View\View->CodeIgniter\View\{closure}()
 8 SYSTEMPATH\Common.php(1176): CodeIgniter\View\View->render('template', [], true)
 9 APPPATH\Controllers\Mahasiswa_C.php(19): view('template', [...])
10 SYSTEMPATH\CodeIgniter.php(932): App\Controllers\Mahasiswa_C->index()
11 SYSTEMPATH\CodeIgniter.php(497): CodeIgniter\CodeIgniter->runController(Object(App\Controllers\Mahasiswa_C))
12 SYSTEMPATH\CodeIgniter.php(366): CodeIgniter\CodeIgniter->handleRequest(null, Object(Config\Cache), false)
13 FCPATH\index.php(67): CodeIgniter\CodeIgniter->run()
CRITICAL - 2023-10-13 01:40:30 --> Attempt to read property "nim" on array
in APPPATH\Views\V_Mahasiswa2.php on line 97.
 1 APPPATH\Views\V_Mahasiswa2.php(97): CodeIgniter\Debug\Exceptions->errorHandler(2, 'Attempt to read property "nim" on array', 'C:\\xampp\\htdocs\\BelajarFrameworkCI\\app\\Views\\V_Mahasiswa2.php', 97)
 2 SYSTEMPATH\View\View.php(224): include('C:\\xampp\\htdocs\\BelajarFrameworkCI\\app\\Views\\V_Mahasiswa2.php')
 3 SYSTEMPATH\View\View.php(227): CodeIgniter\View\View->CodeIgniter\View\{closure}()
 4 SYSTEMPATH\Common.php(1176): CodeIgniter\View\View->render('V_Mahasiswa2', [], true)
 5 APPPATH\Views\template.php(30): view('V_Mahasiswa2')
 6 SYSTEMPATH\View\View.php(224): include('C:\\xampp\\htdocs\\BelajarFrameworkCI\\app\\Views\\template.php')
 7 SYSTEMPATH\View\View.php(227): CodeIgniter\View\View->CodeIgniter\View\{closure}()
 8 SYSTEMPATH\Common.php(1176): CodeIgniter\View\View->render('template', [], true)
 9 APPPATH\Controllers\Mahasiswa_C.php(19): view('template', [...])
10 SYSTEMPATH\CodeIgniter.php(932): App\Controllers\Mahasiswa_C->index()
11 SYSTEMPATH\CodeIgniter.php(497): CodeIgniter\CodeIgniter->runController(Object(App\Controllers\Mahasiswa_C))
12 SYSTEMPATH\CodeIgniter.php(366): CodeIgniter\CodeIgniter->handleRequest(null, Object(Config\Cache), false)
13 FCPATH\index.php(67): CodeIgniter\CodeIgniter->run()
CRITICAL - 2023-10-13 02:27:40 --> Undefined variable $getData
in APPPATH\Views\V_Mahasiswa2.php on line 105.
 1 APPPATH\Views\V_Mahasiswa2.php(105): CodeIgniter\Debug\Exceptions->errorHandler(2, 'Undefined variable $getData', 'C:\\xampp\\htdocs\\BelajarFrameworkCI\\app\\Views\\V_Mahasiswa2.php', 105)
 2 SYSTEMPATH\View\View.php(224): include('C:\\xampp\\htdocs\\BelajarFrameworkCI\\app\\Views\\V_Mahasiswa2.php')
 3 SYSTEMPATH\View\View.php(227): CodeIgniter\View\View->CodeIgniter\View\{closure}()
 4 SYSTEMPATH\Common.php(1176): CodeIgniter\View\View->render('v_mahasiswa2', [], true)
 5 APPPATH\Views\template.php(30): view('v_mahasiswa2')
 6 SYSTEMPATH\View\View.php(224): include('C:\\xampp\\htdocs\\BelajarFrameworkCI\\app\\Views\\template.php')
 7 SYSTEMPATH\View\View.php(227): CodeIgniter\View\View->CodeIgniter\View\{closure}()
 8 SYSTEMPATH\Common.php(1176): CodeIgniter\View\View->render('template', [], true)
 9 APPPATH\Controllers\Mahasiswa_C.php(37): view('template', [...])
10 SYSTEMPATH\CodeIgniter.php(932): App\Controllers\Mahasiswa_C->submit()
11 SYSTEMPATH\CodeIgniter.php(497): CodeIgniter\CodeIgniter->runController(Object(App\Controllers\Mahasiswa_C))
12 SYSTEMPATH\CodeIgniter.php(366): CodeIgniter\CodeIgniter->handleRequest(null, Object(Config\Cache), false)
13 FCPATH\index.php(67): CodeIgniter\CodeIgniter->run()
CRITICAL - 2023-10-13 02:30:30 --> Undefined variable $getData
in APPPATH\Views\V_Mahasiswa2.php on line 105.
 1 APPPATH\Views\V_Mahasiswa2.php(105): CodeIgniter\Debug\Exceptions->errorHandler(2, 'Undefined variable $getData', 'C:\\xampp\\htdocs\\BelajarFrameworkCI\\app\\Views\\V_Mahasiswa2.php', 105)
 2 SYSTEMPATH\View\View.php(224): include('C:\\xampp\\htdocs\\BelajarFrameworkCI\\app\\Views\\V_Mahasiswa2.php')
 3 SYSTEMPATH\View\View.php(227): CodeIgniter\View\View->CodeIgniter\View\{closure}()
 4 SYSTEMPATH\Common.php(1176): CodeIgniter\View\View->render('v_mahasiswa2', [], true)
 5 APPPATH\Views\template.php(30): view('v_mahasiswa2')
 6 SYSTEMPATH\View\View.php(224): include('C:\\xampp\\htdocs\\BelajarFrameworkCI\\app\\Views\\template.php')
 7 SYSTEMPATH\View\View.php(227): CodeIgniter\View\View->CodeIgniter\View\{closure}()
 8 SYSTEMPATH\Common.php(1176): CodeIgniter\View\View->render('template', [], true)
 9 APPPATH\Controllers\Mahasiswa_C.php(37): view('template', [...])
10 SYSTEMPATH\CodeIgniter.php(932): App\Controllers\Mahasiswa_C->submit()
11 SYSTEMPATH\CodeIgniter.php(497): CodeIgniter\CodeIgniter->runController(Object(App\Controllers\Mahasiswa_C))
12 SYSTEMPATH\CodeIgniter.php(366): CodeIgniter\CodeIgniter->handleRequest(null, Object(Config\Cache), false)
13 FCPATH\index.php(67): CodeIgniter\CodeIgniter->run()
CRITICAL - 2023-10-13 02:30:52 --> Undefined variable $getData
in APPPATH\Views\V_Mahasiswa2.php on line 105.
 1 APPPATH\Views\V_Mahasiswa2.php(105): CodeIgniter\Debug\Exceptions->errorHandler(2, 'Undefined variable $getData', 'C:\\xampp\\htdocs\\BelajarFrameworkCI\\app\\Views\\V_Mahasiswa2.php', 105)
 2 SYSTEMPATH\View\View.php(224): include('C:\\xampp\\htdocs\\BelajarFrameworkCI\\app\\Views\\V_Mahasiswa2.php')
 3 SYSTEMPATH\View\View.php(227): CodeIgniter\View\View->CodeIgniter\View\{closure}()
 4 SYSTEMPATH\Common.php(1176): CodeIgniter\View\View->render('v_mahasiswa2', [], true)
 5 APPPATH\Views\template.php(30): view('v_mahasiswa2')
 6 SYSTEMPATH\View\View.php(224): include('C:\\xampp\\htdocs\\BelajarFrameworkCI\\app\\Views\\template.php')
 7 SYSTEMPATH\View\View.php(227): CodeIgniter\View\View->CodeIgniter\View\{closure}()
 8 SYSTEMPATH\Common.php(1176): CodeIgniter\View\View->render('template', [], true)
 9 APPPATH\Controllers\Mahasiswa_C.php(37): view('template', [...])
10 SYSTEMPATH\CodeIgniter.php(932): App\Controllers\Mahasiswa_C->submit()
11 SYSTEMPATH\CodeIgniter.php(497): CodeIgniter\CodeIgniter->runController(Object(App\Controllers\Mahasiswa_C))
12 SYSTEMPATH\CodeIgniter.php(366): CodeIgniter\CodeIgniter->handleRequest(null, Object(Config\Cache), false)
13 FCPATH\index.php(67): CodeIgniter\CodeIgniter->run()
ERROR - 2023-10-13 02:35:54 --> mysqli_sql_exception: Duplicate entry '4444' for key 'PRIMARY' in C:\xampp\htdocs\BelajarFrameworkCI\system\Database\MySQLi\Connection.php:295
Stack trace:
#0 C:\xampp\htdocs\BelajarFrameworkCI\system\Database\MySQLi\Connection.php(295): mysqli->query('INSERT INTO `ma...', 0)
#1 C:\xampp\htdocs\BelajarFrameworkCI\system\Database\BaseConnection.php(692): CodeIgniter\Database\MySQLi\Connection->execute('INSERT INTO `ma...')
#2 C:\xampp\htdocs\BelajarFrameworkCI\system\Database\BaseConnection.php(606): CodeIgniter\Database\BaseConnection->simpleQuery('INSERT INTO `ma...')
#3 C:\xampp\htdocs\BelajarFrameworkCI\system\Database\BaseBuilder.php(2309): CodeIgniter\Database\BaseConnection->query('INSERT INTO `ma...', Array, false)
#4 C:\xampp\htdocs\BelajarFrameworkCI\app\Models\M_MahasiswaModel.php(15): CodeIgniter\Database\BaseBuilder->insert(Array)
#5 C:\xampp\htdocs\BelajarFrameworkCI\app\Controllers\Mahasiswa_C.php(61): App\Models\M_MahasiswaModel->insertData(Array)
#6 C:\xampp\htdocs\BelajarFrameworkCI\system\CodeIgniter.php(932): App\Controllers\Mahasiswa_C->submit()
#7 C:\xampp\htdocs\BelajarFrameworkCI\system\CodeIgniter.php(497): CodeIgniter\CodeIgniter->runController(Object(App\Controllers\Mahasiswa_C))
#8 C:\xampp\htdocs\BelajarFrameworkCI\system\CodeIgniter.php(366): CodeIgniter\CodeIgniter->handleRequest(NULL, Object(Config\Cache), false)
#9 C:\xampp\htdocs\BelajarFrameworkCI\public\index.php(67): CodeIgniter\CodeIgniter->run()
#10 {main}
CRITICAL - 2023-10-13 02:35:54 --> Duplicate entry '4444' for key 'PRIMARY'
in SYSTEMPATH\Database\MySQLi\Connection.php on line 295.
 1 SYSTEMPATH\Database\MySQLi\Connection.php(295): mysqli->query('INSERT INTO `mahasiswa` (`nim`, `nama_mhs`, `jenis_kelamin`, `tgl_lahir`, `alamat`) VALUES (\'4444\', \'4444\', \'Laki-Laki\', \'2023-10-13\', \'Jl. D.a.h. Hamzah\')', 0)
 2 SYSTEMPATH\Database\BaseConnection.php(692): CodeIgniter\Database\MySQLi\Connection->execute('INSERT INTO `mahasiswa` (`nim`, `nama_mhs`, `jenis_kelamin`, `tgl_lahir`, `alamat`) VALUES (\'4444\', \'4444\', \'Laki-Laki\', \'2023-10-13\', \'Jl. D.a.h. Hamzah\')')
 3 SYSTEMPATH\Database\BaseConnection.php(606): CodeIgniter\Database\BaseConnection->simpleQuery('INSERT INTO `mahasiswa` (`nim`, `nama_mhs`, `jenis_kelamin`, `tgl_lahir`, `alamat`) VALUES (\'4444\', \'4444\', \'Laki-Laki\', \'2023-10-13\', \'Jl. D.a.h. Hamzah\')')
 4 SYSTEMPATH\Database\BaseBuilder.php(2309): CodeIgniter\Database\BaseConnection->query('INSERT INTO `mahasiswa` (`nim`, `nama_mhs`, `jenis_kelamin`, `tgl_lahir`, `alamat`) VALUES (:nim:, :nama_mhs:, :jenis_kelamin:, :tgl_lahir:, :alamat:)', [...], false)
 5 APPPATH\Models\M_MahasiswaModel.php(15): CodeIgniter\Database\BaseBuilder->insert([...])
 6 APPPATH\Controllers\Mahasiswa_C.php(61): App\Models\M_MahasiswaModel->insertData([...])
 7 SYSTEMPATH\CodeIgniter.php(932): App\Controllers\Mahasiswa_C->submit()
 8 SYSTEMPATH\CodeIgniter.php(497): CodeIgniter\CodeIgniter->runController(Object(App\Controllers\Mahasiswa_C))
 9 SYSTEMPATH\CodeIgniter.php(366): CodeIgniter\CodeIgniter->handleRequest(null, Object(Config\Cache), false)
10 FCPATH\index.php(67): CodeIgniter\CodeIgniter->run()
ERROR - 2023-10-13 02:36:15 --> mysqli_sql_exception: Duplicate entry '777' for key 'PRIMARY' in C:\xampp\htdocs\BelajarFrameworkCI\system\Database\MySQLi\Connection.php:295
Stack trace:
#0 C:\xampp\htdocs\BelajarFrameworkCI\system\Database\MySQLi\Connection.php(295): mysqli->query('INSERT INTO `ma...', 0)
#1 C:\xampp\htdocs\BelajarFrameworkCI\system\Database\BaseConnection.php(692): CodeIgniter\Database\MySQLi\Connection->execute('INSERT INTO `ma...')
#2 C:\xampp\htdocs\BelajarFrameworkCI\system\Database\BaseConnection.php(606): CodeIgniter\Database\BaseConnection->simpleQuery('INSERT INTO `ma...')
#3 C:\xampp\htdocs\BelajarFrameworkCI\system\Database\BaseBuilder.php(2309): CodeIgniter\Database\BaseConnection->query('INSERT INTO `ma...', Array, false)
#4 C:\xampp\htdocs\BelajarFrameworkCI\app\Models\M_MahasiswaModel.php(15): CodeIgniter\Database\BaseBuilder->insert(Array)
#5 C:\xampp\htdocs\BelajarFrameworkCI\app\Controllers\Mahasiswa_C.php(61): App\Models\M_MahasiswaModel->insertData(Array)
#6 C:\xampp\htdocs\BelajarFrameworkCI\system\CodeIgniter.php(932): App\Controllers\Mahasiswa_C->submit()
#7 C:\xampp\htdocs\BelajarFrameworkCI\system\CodeIgniter.php(497): CodeIgniter\CodeIgniter->runController(Object(App\Controllers\Mahasiswa_C))
#8 C:\xampp\htdocs\BelajarFrameworkCI\system\CodeIgniter.php(366): CodeIgniter\CodeIgniter->handleRequest(NULL, Object(Config\Cache), false)
#9 C:\xampp\htdocs\BelajarFrameworkCI\public\index.php(67): CodeIgniter\CodeIgniter->run()
#10 {main}
CRITICAL - 2023-10-13 02:36:15 --> Duplicate entry '777' for key 'PRIMARY'
in SYSTEMPATH\Database\MySQLi\Connection.php on line 295.
 1 SYSTEMPATH\Database\MySQLi\Connection.php(295): mysqli->query('INSERT INTO `mahasiswa` (`nim`, `nama_mhs`, `jenis_kelamin`, `tgl_lahir`, `alamat`) VALUES (\'777\', \'fdsdfds\', \'Laki-Laki\', \'2023-10-13\', \'Jl. D.a.h. Hamzah\')', 0)
 2 SYSTEMPATH\Database\BaseConnection.php(692): CodeIgniter\Database\MySQLi\Connection->execute('INSERT INTO `mahasiswa` (`nim`, `nama_mhs`, `jenis_kelamin`, `tgl_lahir`, `alamat`) VALUES (\'777\', \'fdsdfds\', \'Laki-Laki\', \'2023-10-13\', \'Jl. D.a.h. Hamzah\')')
 3 SYSTEMPATH\Database\BaseConnection.php(606): CodeIgniter\Database\BaseConnection->simpleQuery('INSERT INTO `mahasiswa` (`nim`, `nama_mhs`, `jenis_kelamin`, `tgl_lahir`, `alamat`) VALUES (\'777\', \'fdsdfds\', \'Laki-Laki\', \'2023-10-13\', \'Jl. D.a.h. Hamzah\')')
 4 SYSTEMPATH\Database\BaseBuilder.php(2309): CodeIgniter\Database\BaseConnection->query('INSERT INTO `mahasiswa` (`nim`, `nama_mhs`, `jenis_kelamin`, `tgl_lahir`, `alamat`) VALUES (:nim:, :nama_mhs:, :jenis_kelamin:, :tgl_lahir:, :alamat:)', [...], false)
 5 APPPATH\Models\M_MahasiswaModel.php(15): CodeIgniter\Database\BaseBuilder->insert([...])
 6 APPPATH\Controllers\Mahasiswa_C.php(61): App\Models\M_MahasiswaModel->insertData([...])
 7 SYSTEMPATH\CodeIgniter.php(932): App\Controllers\Mahasiswa_C->submit()
 8 SYSTEMPATH\CodeIgniter.php(497): CodeIgniter\CodeIgniter->runController(Object(App\Controllers\Mahasiswa_C))
 9 SYSTEMPATH\CodeIgniter.php(366): CodeIgniter\CodeIgniter->handleRequest(null, Object(Config\Cache), false)
10 FCPATH\index.php(67): CodeIgniter\CodeIgniter->run()
