CRITICAL - 2023-11-03 01:04:37 --> Invalid file: "C_Login/index.php"
in SYSTEMPATH\Exceptions\FrameworkException.php on line 33.
 1 SYSTEMPATH\View\View.php(212): CodeIgniter\Exceptions\FrameworkException::forInvalidFile('C_Login/index.php')
 2 SYSTEMPATH\Common.php(1176): CodeIgniter\View\View->render('C_Login/index', [], true)
 3 APPPATH\Controllers\C_Login.php(7): view('C_Login/index', [...])
 4 SYSTEMPATH\CodeIgniter.php(932): App\Controllers\C_Login->index()
 5 SYSTEMPATH\CodeIgniter.php(497): CodeIgniter\CodeIgniter->runController(Object(App\Controllers\C_Login))
 6 SYSTEMPATH\CodeIgniter.php(366): CodeIgniter\CodeIgniter->handleRequest(null, Object(Config\Cache), false)
 7 FCPATH\index.php(67): CodeIgniter\CodeIgniter->run()
CRITICAL - 2023-11-03 01:06:49 --> Invalid file: "C_Login/index.php"
in SYSTEMPATH\Exceptions\FrameworkException.php on line 33.
 1 SYSTEMPATH\View\View.php(212): CodeIgniter\Exceptions\FrameworkException::forInvalidFile('C_Login/index.php')
 2 SYSTEMPATH\Common.php(1176): CodeIgniter\View\View->render('C_Login/index', [], true)
 3 APPPATH\Controllers\C_Login.php(7): view('C_Login/index', [...])
 4 SYSTEMPATH\CodeIgniter.php(932): App\Controllers\C_Login->index()
 5 SYSTEMPATH\CodeIgniter.php(497): CodeIgniter\CodeIgniter->runController(Object(App\Controllers\C_Login))
 6 SYSTEMPATH\CodeIgniter.php(366): CodeIgniter\CodeIgniter->handleRequest(null, Object(Config\Cache), false)
 7 FCPATH\index.php(67): CodeIgniter\CodeIgniter->run()
CRITICAL - 2023-11-03 01:08:06 --> Invalid file: "C_Login/index.php"
in SYSTEMPATH\Exceptions\FrameworkException.php on line 33.
 1 SYSTEMPATH\View\View.php(212): CodeIgniter\Exceptions\FrameworkException::forInvalidFile('C_Login/index.php')
 2 SYSTEMPATH\Common.php(1176): CodeIgniter\View\View->render('C_Login/index', [], true)
 3 APPPATH\Controllers\C_Login.php(7): view('C_Login/index', [...])
 4 SYSTEMPATH\CodeIgniter.php(932): App\Controllers\C_Login->index()
 5 SYSTEMPATH\CodeIgniter.php(497): CodeIgniter\CodeIgniter->runController(Object(App\Controllers\C_Login))
 6 SYSTEMPATH\CodeIgniter.php(366): CodeIgniter\CodeIgniter->handleRequest(null, Object(Config\Cache), false)
 7 FCPATH\index.php(67): CodeIgniter\CodeIgniter->run()
CRITICAL - 2023-11-03 01:08:07 --> Invalid file: "C_Login/index.php"
in SYSTEMPATH\Exceptions\FrameworkException.php on line 33.
 1 SYSTEMPATH\View\View.php(212): CodeIgniter\Exceptions\FrameworkException::forInvalidFile('C_Login/index.php')
 2 SYSTEMPATH\Common.php(1176): CodeIgniter\View\View->render('C_Login/index', [], true)
 3 APPPATH\Controllers\C_Login.php(7): view('C_Login/index', [...])
 4 SYSTEMPATH\CodeIgniter.php(932): App\Controllers\C_Login->index()
 5 SYSTEMPATH\CodeIgniter.php(497): CodeIgniter\CodeIgniter->runController(Object(App\Controllers\C_Login))
 6 SYSTEMPATH\CodeIgniter.php(366): CodeIgniter\CodeIgniter->handleRequest(null, Object(Config\Cache), false)
 7 FCPATH\index.php(67): CodeIgniter\CodeIgniter->run()
CRITICAL - 2023-11-03 01:08:07 --> Invalid file: "C_Login/index.php"
in SYSTEMPATH\Exceptions\FrameworkException.php on line 33.
 1 SYSTEMPATH\View\View.php(212): CodeIgniter\Exceptions\FrameworkException::forInvalidFile('C_Login/index.php')
 2 SYSTEMPATH\Common.php(1176): CodeIgniter\View\View->render('C_Login/index', [], true)
 3 APPPATH\Controllers\C_Login.php(7): view('C_Login/index', [...])
 4 SYSTEMPATH\CodeIgniter.php(932): App\Controllers\C_Login->index()
 5 SYSTEMPATH\CodeIgniter.php(497): CodeIgniter\CodeIgniter->runController(Object(App\Controllers\C_Login))
 6 SYSTEMPATH\CodeIgniter.php(366): CodeIgniter\CodeIgniter->handleRequest(null, Object(Config\Cache), false)
 7 FCPATH\index.php(67): CodeIgniter\CodeIgniter->run()
CRITICAL - 2023-11-03 01:08:08 --> Invalid file: "C_Login/index.php"
in SYSTEMPATH\Exceptions\FrameworkException.php on line 33.
 1 SYSTEMPATH\View\View.php(212): CodeIgniter\Exceptions\FrameworkException::forInvalidFile('C_Login/index.php')
 2 SYSTEMPATH\Common.php(1176): CodeIgniter\View\View->render('C_Login/index', [], true)
 3 APPPATH\Controllers\C_Login.php(7): view('C_Login/index', [...])
 4 SYSTEMPATH\CodeIgniter.php(932): App\Controllers\C_Login->index()
 5 SYSTEMPATH\CodeIgniter.php(497): CodeIgniter\CodeIgniter->runController(Object(App\Controllers\C_Login))
 6 SYSTEMPATH\CodeIgniter.php(366): CodeIgniter\CodeIgniter->handleRequest(null, Object(Config\Cache), false)
 7 FCPATH\index.php(67): CodeIgniter\CodeIgniter->run()
CRITICAL - 2023-11-03 01:08:08 --> Invalid file: "C_Login/index.php"
in SYSTEMPATH\Exceptions\FrameworkException.php on line 33.
 1 SYSTEMPATH\View\View.php(212): CodeIgniter\Exceptions\FrameworkException::forInvalidFile('C_Login/index.php')
 2 SYSTEMPATH\Common.php(1176): CodeIgniter\View\View->render('C_Login/index', [], true)
 3 APPPATH\Controllers\C_Login.php(7): view('C_Login/index', [...])
 4 SYSTEMPATH\CodeIgniter.php(932): App\Controllers\C_Login->index()
 5 SYSTEMPATH\CodeIgniter.php(497): CodeIgniter\CodeIgniter->runController(Object(App\Controllers\C_Login))
 6 SYSTEMPATH\CodeIgniter.php(366): CodeIgniter\CodeIgniter->handleRequest(null, Object(Config\Cache), false)
 7 FCPATH\index.php(67): CodeIgniter\CodeIgniter->run()
CRITICAL - 2023-11-03 01:08:08 --> Invalid file: "C_Login/index.php"
in SYSTEMPATH\Exceptions\FrameworkException.php on line 33.
 1 SYSTEMPATH\View\View.php(212): CodeIgniter\Exceptions\FrameworkException::forInvalidFile('C_Login/index.php')
 2 SYSTEMPATH\Common.php(1176): CodeIgniter\View\View->render('C_Login/index', [], true)
 3 APPPATH\Controllers\C_Login.php(7): view('C_Login/index', [...])
 4 SYSTEMPATH\CodeIgniter.php(932): App\Controllers\C_Login->index()
 5 SYSTEMPATH\CodeIgniter.php(497): CodeIgniter\CodeIgniter->runController(Object(App\Controllers\C_Login))
 6 SYSTEMPATH\CodeIgniter.php(366): CodeIgniter\CodeIgniter->handleRequest(null, Object(Config\Cache), false)
 7 FCPATH\index.php(67): CodeIgniter\CodeIgniter->run()
CRITICAL - 2023-11-03 01:08:16 --> Invalid file: "C_Login/index.php"
in SYSTEMPATH\Exceptions\FrameworkException.php on line 33.
 1 SYSTEMPATH\View\View.php(212): CodeIgniter\Exceptions\FrameworkException::forInvalidFile('C_Login/index.php')
 2 SYSTEMPATH\Common.php(1176): CodeIgniter\View\View->render('C_Login/index', [], true)
 3 APPPATH\Controllers\C_Login.php(7): view('C_Login/index', [...])
 4 SYSTEMPATH\CodeIgniter.php(932): App\Controllers\C_Login->index()
 5 SYSTEMPATH\CodeIgniter.php(497): CodeIgniter\CodeIgniter->runController(Object(App\Controllers\C_Login))
 6 SYSTEMPATH\CodeIgniter.php(366): CodeIgniter\CodeIgniter->handleRequest(null, Object(Config\Cache), false)
 7 FCPATH\index.php(67): CodeIgniter\CodeIgniter->run()
CRITICAL - 2023-11-03 01:08:16 --> Invalid file: "C_Login/index.php"
in SYSTEMPATH\Exceptions\FrameworkException.php on line 33.
 1 SYSTEMPATH\View\View.php(212): CodeIgniter\Exceptions\FrameworkException::forInvalidFile('C_Login/index.php')
 2 SYSTEMPATH\Common.php(1176): CodeIgniter\View\View->render('C_Login/index', [], true)
 3 APPPATH\Controllers\C_Login.php(7): view('C_Login/index', [...])
 4 SYSTEMPATH\CodeIgniter.php(932): App\Controllers\C_Login->index()
 5 SYSTEMPATH\CodeIgniter.php(497): CodeIgniter\CodeIgniter->runController(Object(App\Controllers\C_Login))
 6 SYSTEMPATH\CodeIgniter.php(366): CodeIgniter\CodeIgniter->handleRequest(null, Object(Config\Cache), false)
 7 FCPATH\index.php(67): CodeIgniter\CodeIgniter->run()
CRITICAL - 2023-11-03 01:08:16 --> Invalid file: "C_Login/index.php"
in SYSTEMPATH\Exceptions\FrameworkException.php on line 33.
 1 SYSTEMPATH\View\View.php(212): CodeIgniter\Exceptions\FrameworkException::forInvalidFile('C_Login/index.php')
 2 SYSTEMPATH\Common.php(1176): CodeIgniter\View\View->render('C_Login/index', [], true)
 3 APPPATH\Controllers\C_Login.php(7): view('C_Login/index', [...])
 4 SYSTEMPATH\CodeIgniter.php(932): App\Controllers\C_Login->index()
 5 SYSTEMPATH\CodeIgniter.php(497): CodeIgniter\CodeIgniter->runController(Object(App\Controllers\C_Login))
 6 SYSTEMPATH\CodeIgniter.php(366): CodeIgniter\CodeIgniter->handleRequest(null, Object(Config\Cache), false)
 7 FCPATH\index.php(67): CodeIgniter\CodeIgniter->run()
CRITICAL - 2023-11-03 01:08:16 --> Invalid file: "C_Login/index.php"
in SYSTEMPATH\Exceptions\FrameworkException.php on line 33.
 1 SYSTEMPATH\View\View.php(212): CodeIgniter\Exceptions\FrameworkException::forInvalidFile('C_Login/index.php')
 2 SYSTEMPATH\Common.php(1176): CodeIgniter\View\View->render('C_Login/index', [], true)
 3 APPPATH\Controllers\C_Login.php(7): view('C_Login/index', [...])
 4 SYSTEMPATH\CodeIgniter.php(932): App\Controllers\C_Login->index()
 5 SYSTEMPATH\CodeIgniter.php(497): CodeIgniter\CodeIgniter->runController(Object(App\Controllers\C_Login))
 6 SYSTEMPATH\CodeIgniter.php(366): CodeIgniter\CodeIgniter->handleRequest(null, Object(Config\Cache), false)
 7 FCPATH\index.php(67): CodeIgniter\CodeIgniter->run()
CRITICAL - 2023-11-03 01:08:17 --> Invalid file: "C_Login/index.php"
in SYSTEMPATH\Exceptions\FrameworkException.php on line 33.
 1 SYSTEMPATH\View\View.php(212): CodeIgniter\Exceptions\FrameworkException::forInvalidFile('C_Login/index.php')
 2 SYSTEMPATH\Common.php(1176): CodeIgniter\View\View->render('C_Login/index', [], true)
 3 APPPATH\Controllers\C_Login.php(7): view('C_Login/index', [...])
 4 SYSTEMPATH\CodeIgniter.php(932): App\Controllers\C_Login->index()
 5 SYSTEMPATH\CodeIgniter.php(497): CodeIgniter\CodeIgniter->runController(Object(App\Controllers\C_Login))
 6 SYSTEMPATH\CodeIgniter.php(366): CodeIgniter\CodeIgniter->handleRequest(null, Object(Config\Cache), false)
 7 FCPATH\index.php(67): CodeIgniter\CodeIgniter->run()
CRITICAL - 2023-11-03 01:08:50 --> Invalid file: "C_Login/index.php"
in SYSTEMPATH\Exceptions\FrameworkException.php on line 33.
 1 SYSTEMPATH\View\View.php(212): CodeIgniter\Exceptions\FrameworkException::forInvalidFile('C_Login/index.php')
 2 SYSTEMPATH\Common.php(1176): CodeIgniter\View\View->render('C_Login/index', [], true)
 3 APPPATH\Controllers\C_Login.php(7): view('C_Login/index')
 4 SYSTEMPATH\CodeIgniter.php(932): App\Controllers\C_Login->index()
 5 SYSTEMPATH\CodeIgniter.php(497): CodeIgniter\CodeIgniter->runController(Object(App\Controllers\C_Login))
 6 SYSTEMPATH\CodeIgniter.php(366): CodeIgniter\CodeIgniter->handleRequest(null, Object(Config\Cache), false)
 7 FCPATH\index.php(67): CodeIgniter\CodeIgniter->run()
CRITICAL - 2023-11-03 01:08:51 --> Invalid file: "C_Login/index.php"
in SYSTEMPATH\Exceptions\FrameworkException.php on line 33.
 1 SYSTEMPATH\View\View.php(212): CodeIgniter\Exceptions\FrameworkException::forInvalidFile('C_Login/index.php')
 2 SYSTEMPATH\Common.php(1176): CodeIgniter\View\View->render('C_Login/index', [], true)
 3 APPPATH\Controllers\C_Login.php(7): view('C_Login/index')
 4 SYSTEMPATH\CodeIgniter.php(932): App\Controllers\C_Login->index()
 5 SYSTEMPATH\CodeIgniter.php(497): CodeIgniter\CodeIgniter->runController(Object(App\Controllers\C_Login))
 6 SYSTEMPATH\CodeIgniter.php(366): CodeIgniter\CodeIgniter->handleRequest(null, Object(Config\Cache), false)
 7 FCPATH\index.php(67): CodeIgniter\CodeIgniter->run()
CRITICAL - 2023-11-03 01:08:52 --> Invalid file: "C_Login/index.php"
in SYSTEMPATH\Exceptions\FrameworkException.php on line 33.
 1 SYSTEMPATH\View\View.php(212): CodeIgniter\Exceptions\FrameworkException::forInvalidFile('C_Login/index.php')
 2 SYSTEMPATH\Common.php(1176): CodeIgniter\View\View->render('C_Login/index', [], true)
 3 APPPATH\Controllers\C_Login.php(7): view('C_Login/index')
 4 SYSTEMPATH\CodeIgniter.php(932): App\Controllers\C_Login->index()
 5 SYSTEMPATH\CodeIgniter.php(497): CodeIgniter\CodeIgniter->runController(Object(App\Controllers\C_Login))
 6 SYSTEMPATH\CodeIgniter.php(366): CodeIgniter\CodeIgniter->handleRequest(null, Object(Config\Cache), false)
 7 FCPATH\index.php(67): CodeIgniter\CodeIgniter->run()
CRITICAL - 2023-11-03 01:08:52 --> Invalid file: "C_Login/index.php"
in SYSTEMPATH\Exceptions\FrameworkException.php on line 33.
 1 SYSTEMPATH\View\View.php(212): CodeIgniter\Exceptions\FrameworkException::forInvalidFile('C_Login/index.php')
 2 SYSTEMPATH\Common.php(1176): CodeIgniter\View\View->render('C_Login/index', [], true)
 3 APPPATH\Controllers\C_Login.php(7): view('C_Login/index')
 4 SYSTEMPATH\CodeIgniter.php(932): App\Controllers\C_Login->index()
 5 SYSTEMPATH\CodeIgniter.php(497): CodeIgniter\CodeIgniter->runController(Object(App\Controllers\C_Login))
 6 SYSTEMPATH\CodeIgniter.php(366): CodeIgniter\CodeIgniter->handleRequest(null, Object(Config\Cache), false)
 7 FCPATH\index.php(67): CodeIgniter\CodeIgniter->run()
CRITICAL - 2023-11-03 01:08:52 --> Invalid file: "C_Login/index.php"
in SYSTEMPATH\Exceptions\FrameworkException.php on line 33.
 1 SYSTEMPATH\View\View.php(212): CodeIgniter\Exceptions\FrameworkException::forInvalidFile('C_Login/index.php')
 2 SYSTEMPATH\Common.php(1176): CodeIgniter\View\View->render('C_Login/index', [], true)
 3 APPPATH\Controllers\C_Login.php(7): view('C_Login/index')
 4 SYSTEMPATH\CodeIgniter.php(932): App\Controllers\C_Login->index()
 5 SYSTEMPATH\CodeIgniter.php(497): CodeIgniter\CodeIgniter->runController(Object(App\Controllers\C_Login))
 6 SYSTEMPATH\CodeIgniter.php(366): CodeIgniter\CodeIgniter->handleRequest(null, Object(Config\Cache), false)
 7 FCPATH\index.php(67): CodeIgniter\CodeIgniter->run()
CRITICAL - 2023-11-03 01:08:52 --> Invalid file: "C_Login/index.php"
in SYSTEMPATH\Exceptions\FrameworkException.php on line 33.
 1 SYSTEMPATH\View\View.php(212): CodeIgniter\Exceptions\FrameworkException::forInvalidFile('C_Login/index.php')
 2 SYSTEMPATH\Common.php(1176): CodeIgniter\View\View->render('C_Login/index', [], true)
 3 APPPATH\Controllers\C_Login.php(7): view('C_Login/index')
 4 SYSTEMPATH\CodeIgniter.php(932): App\Controllers\C_Login->index()
 5 SYSTEMPATH\CodeIgniter.php(497): CodeIgniter\CodeIgniter->runController(Object(App\Controllers\C_Login))
 6 SYSTEMPATH\CodeIgniter.php(366): CodeIgniter\CodeIgniter->handleRequest(null, Object(Config\Cache), false)
 7 FCPATH\index.php(67): CodeIgniter\CodeIgniter->run()
CRITICAL - 2023-11-03 01:08:52 --> Invalid file: "C_Login/index.php"
in SYSTEMPATH\Exceptions\FrameworkException.php on line 33.
 1 SYSTEMPATH\View\View.php(212): CodeIgniter\Exceptions\FrameworkException::forInvalidFile('C_Login/index.php')
 2 SYSTEMPATH\Common.php(1176): CodeIgniter\View\View->render('C_Login/index', [], true)
 3 APPPATH\Controllers\C_Login.php(7): view('C_Login/index')
 4 SYSTEMPATH\CodeIgniter.php(932): App\Controllers\C_Login->index()
 5 SYSTEMPATH\CodeIgniter.php(497): CodeIgniter\CodeIgniter->runController(Object(App\Controllers\C_Login))
 6 SYSTEMPATH\CodeIgniter.php(366): CodeIgniter\CodeIgniter->handleRequest(null, Object(Config\Cache), false)
 7 FCPATH\index.php(67): CodeIgniter\CodeIgniter->run()
CRITICAL - 2023-11-03 01:08:53 --> Invalid file: "C_Login/index.php"
in SYSTEMPATH\Exceptions\FrameworkException.php on line 33.
 1 SYSTEMPATH\View\View.php(212): CodeIgniter\Exceptions\FrameworkException::forInvalidFile('C_Login/index.php')
 2 SYSTEMPATH\Common.php(1176): CodeIgniter\View\View->render('C_Login/index', [], true)
 3 APPPATH\Controllers\C_Login.php(7): view('C_Login/index')
 4 SYSTEMPATH\CodeIgniter.php(932): App\Controllers\C_Login->index()
 5 SYSTEMPATH\CodeIgniter.php(497): CodeIgniter\CodeIgniter->runController(Object(App\Controllers\C_Login))
 6 SYSTEMPATH\CodeIgniter.php(366): CodeIgniter\CodeIgniter->handleRequest(null, Object(Config\Cache), false)
 7 FCPATH\index.php(67): CodeIgniter\CodeIgniter->run()
CRITICAL - 2023-11-03 01:08:53 --> Invalid file: "C_Login/index.php"
in SYSTEMPATH\Exceptions\FrameworkException.php on line 33.
 1 SYSTEMPATH\View\View.php(212): CodeIgniter\Exceptions\FrameworkException::forInvalidFile('C_Login/index.php')
 2 SYSTEMPATH\Common.php(1176): CodeIgniter\View\View->render('C_Login/index', [], true)
 3 APPPATH\Controllers\C_Login.php(7): view('C_Login/index')
 4 SYSTEMPATH\CodeIgniter.php(932): App\Controllers\C_Login->index()
 5 SYSTEMPATH\CodeIgniter.php(497): CodeIgniter\CodeIgniter->runController(Object(App\Controllers\C_Login))
 6 SYSTEMPATH\CodeIgniter.php(366): CodeIgniter\CodeIgniter->handleRequest(null, Object(Config\Cache), false)
 7 FCPATH\index.php(67): CodeIgniter\CodeIgniter->run()
CRITICAL - 2023-11-03 01:08:53 --> Invalid file: "C_Login/index.php"
in SYSTEMPATH\Exceptions\FrameworkException.php on line 33.
 1 SYSTEMPATH\View\View.php(212): CodeIgniter\Exceptions\FrameworkException::forInvalidFile('C_Login/index.php')
 2 SYSTEMPATH\Common.php(1176): CodeIgniter\View\View->render('C_Login/index', [], true)
 3 APPPATH\Controllers\C_Login.php(7): view('C_Login/index')
 4 SYSTEMPATH\CodeIgniter.php(932): App\Controllers\C_Login->index()
 5 SYSTEMPATH\CodeIgniter.php(497): CodeIgniter\CodeIgniter->runController(Object(App\Controllers\C_Login))
 6 SYSTEMPATH\CodeIgniter.php(366): CodeIgniter\CodeIgniter->handleRequest(null, Object(Config\Cache), false)
 7 FCPATH\index.php(67): CodeIgniter\CodeIgniter->run()
CRITICAL - 2023-11-03 01:08:53 --> Invalid file: "C_Login/index.php"
in SYSTEMPATH\Exceptions\FrameworkException.php on line 33.
 1 SYSTEMPATH\View\View.php(212): CodeIgniter\Exceptions\FrameworkException::forInvalidFile('C_Login/index.php')
 2 SYSTEMPATH\Common.php(1176): CodeIgniter\View\View->render('C_Login/index', [], true)
 3 APPPATH\Controllers\C_Login.php(7): view('C_Login/index')
 4 SYSTEMPATH\CodeIgniter.php(932): App\Controllers\C_Login->index()
 5 SYSTEMPATH\CodeIgniter.php(497): CodeIgniter\CodeIgniter->runController(Object(App\Controllers\C_Login))
 6 SYSTEMPATH\CodeIgniter.php(366): CodeIgniter\CodeIgniter->handleRequest(null, Object(Config\Cache), false)
 7 FCPATH\index.php(67): CodeIgniter\CodeIgniter->run()
CRITICAL - 2023-11-03 01:09:00 --> Invalid file: "C_Login/index.php"
in SYSTEMPATH\Exceptions\FrameworkException.php on line 33.
 1 SYSTEMPATH\View\View.php(212): CodeIgniter\Exceptions\FrameworkException::forInvalidFile('C_Login/index.php')
 2 SYSTEMPATH\Common.php(1176): CodeIgniter\View\View->render('C_Login/index', [], true)
 3 APPPATH\Controllers\C_Login.php(7): view('C_Login/index')
 4 SYSTEMPATH\CodeIgniter.php(932): App\Controllers\C_Login->index()
 5 SYSTEMPATH\CodeIgniter.php(497): CodeIgniter\CodeIgniter->runController(Object(App\Controllers\C_Login))
 6 SYSTEMPATH\CodeIgniter.php(366): CodeIgniter\CodeIgniter->handleRequest(null, Object(Config\Cache), false)
 7 FCPATH\index.php(67): CodeIgniter\CodeIgniter->run()
CRITICAL - 2023-11-03 02:03:25 --> Undefined variable $pesan
in APPPATH\Views\login\index.php on line 141.
 1 APPPATH\Views\login\index.php(141): CodeIgniter\Debug\Exceptions->errorHandler(2, 'Undefined variable $pesan', 'C:\\xampp\\htdocs\\ecatalog\\app\\Views\\login\\index.php', 141)
 2 SYSTEMPATH\View\View.php(224): include('C:\\xampp\\htdocs\\ecatalog\\app\\Views\\login\\index.php')
 3 SYSTEMPATH\View\View.php(227): CodeIgniter\View\View->CodeIgniter\View\{closure}()
 4 SYSTEMPATH\Common.php(1176): CodeIgniter\View\View->render('login/index', [], true)
 5 APPPATH\Controllers\C_Login.php(12): view('login/index', [...])
 6 SYSTEMPATH\CodeIgniter.php(932): App\Controllers\C_Login->index()
 7 SYSTEMPATH\CodeIgniter.php(497): CodeIgniter\CodeIgniter->runController(Object(App\Controllers\C_Login))
 8 SYSTEMPATH\CodeIgniter.php(366): CodeIgniter\CodeIgniter->handleRequest(null, Object(Config\Cache), false)
 9 FCPATH\index.php(67): CodeIgniter\CodeIgniter->run()
CRITICAL - 2023-11-03 02:03:43 --> Undefined variable $pesan
in APPPATH\Views\login\index.php on line 141.
 1 APPPATH\Views\login\index.php(141): CodeIgniter\Debug\Exceptions->errorHandler(2, 'Undefined variable $pesan', 'C:\\xampp\\htdocs\\ecatalog\\app\\Views\\login\\index.php', 141)
 2 SYSTEMPATH\View\View.php(224): include('C:\\xampp\\htdocs\\ecatalog\\app\\Views\\login\\index.php')
 3 SYSTEMPATH\View\View.php(227): CodeIgniter\View\View->CodeIgniter\View\{closure}()
 4 SYSTEMPATH\Common.php(1176): CodeIgniter\View\View->render('login/index', [], true)
 5 APPPATH\Controllers\C_Login.php(12): view('login/index', [...])
 6 SYSTEMPATH\CodeIgniter.php(932): App\Controllers\C_Login->index()
 7 SYSTEMPATH\CodeIgniter.php(497): CodeIgniter\CodeIgniter->runController(Object(App\Controllers\C_Login))
 8 SYSTEMPATH\CodeIgniter.php(366): CodeIgniter\CodeIgniter->handleRequest(null, Object(Config\Cache), false)
 9 FCPATH\index.php(67): CodeIgniter\CodeIgniter->run()
CRITICAL - 2023-11-03 02:05:10 --> Undefined variable $pesan
in APPPATH\Views\login\index.php on line 141.
 1 APPPATH\Views\login\index.php(141): CodeIgniter\Debug\Exceptions->errorHandler(2, 'Undefined variable $pesan', 'C:\\xampp\\htdocs\\ecatalog\\app\\Views\\login\\index.php', 141)
 2 SYSTEMPATH\View\View.php(224): include('C:\\xampp\\htdocs\\ecatalog\\app\\Views\\login\\index.php')
 3 SYSTEMPATH\View\View.php(227): CodeIgniter\View\View->CodeIgniter\View\{closure}()
 4 SYSTEMPATH\Common.php(1176): CodeIgniter\View\View->render('login/index', [], true)
 5 APPPATH\Controllers\C_Login.php(12): view('login/index', [...])
 6 SYSTEMPATH\CodeIgniter.php(932): App\Controllers\C_Login->index()
 7 SYSTEMPATH\CodeIgniter.php(497): CodeIgniter\CodeIgniter->runController(Object(App\Controllers\C_Login))
 8 SYSTEMPATH\CodeIgniter.php(366): CodeIgniter\CodeIgniter->handleRequest(null, Object(Config\Cache), false)
 9 FCPATH\index.php(67): CodeIgniter\CodeIgniter->run()
CRITICAL - 2023-11-03 02:05:12 --> Undefined variable $pesan
in APPPATH\Views\login\index.php on line 141.
 1 APPPATH\Views\login\index.php(141): CodeIgniter\Debug\Exceptions->errorHandler(2, 'Undefined variable $pesan', 'C:\\xampp\\htdocs\\ecatalog\\app\\Views\\login\\index.php', 141)
 2 SYSTEMPATH\View\View.php(224): include('C:\\xampp\\htdocs\\ecatalog\\app\\Views\\login\\index.php')
 3 SYSTEMPATH\View\View.php(227): CodeIgniter\View\View->CodeIgniter\View\{closure}()
 4 SYSTEMPATH\Common.php(1176): CodeIgniter\View\View->render('login/index', [], true)
 5 APPPATH\Controllers\C_Login.php(12): view('login/index', [...])
 6 SYSTEMPATH\CodeIgniter.php(932): App\Controllers\C_Login->index()
 7 SYSTEMPATH\CodeIgniter.php(497): CodeIgniter\CodeIgniter->runController(Object(App\Controllers\C_Login))
 8 SYSTEMPATH\CodeIgniter.php(366): CodeIgniter\CodeIgniter->handleRequest(null, Object(Config\Cache), false)
 9 FCPATH\index.php(67): CodeIgniter\CodeIgniter->run()
CRITICAL - 2023-11-03 02:05:12 --> Undefined variable $pesan
in APPPATH\Views\login\index.php on line 141.
 1 APPPATH\Views\login\index.php(141): CodeIgniter\Debug\Exceptions->errorHandler(2, 'Undefined variable $pesan', 'C:\\xampp\\htdocs\\ecatalog\\app\\Views\\login\\index.php', 141)
 2 SYSTEMPATH\View\View.php(224): include('C:\\xampp\\htdocs\\ecatalog\\app\\Views\\login\\index.php')
 3 SYSTEMPATH\View\View.php(227): CodeIgniter\View\View->CodeIgniter\View\{closure}()
 4 SYSTEMPATH\Common.php(1176): CodeIgniter\View\View->render('login/index', [], true)
 5 APPPATH\Controllers\C_Login.php(12): view('login/index', [...])
 6 SYSTEMPATH\CodeIgniter.php(932): App\Controllers\C_Login->index()
 7 SYSTEMPATH\CodeIgniter.php(497): CodeIgniter\CodeIgniter->runController(Object(App\Controllers\C_Login))
 8 SYSTEMPATH\CodeIgniter.php(366): CodeIgniter\CodeIgniter->handleRequest(null, Object(Config\Cache), false)
 9 FCPATH\index.php(67): CodeIgniter\CodeIgniter->run()
CRITICAL - 2023-11-03 02:05:13 --> Undefined variable $pesan
in APPPATH\Views\login\index.php on line 141.
 1 APPPATH\Views\login\index.php(141): CodeIgniter\Debug\Exceptions->errorHandler(2, 'Undefined variable $pesan', 'C:\\xampp\\htdocs\\ecatalog\\app\\Views\\login\\index.php', 141)
 2 SYSTEMPATH\View\View.php(224): include('C:\\xampp\\htdocs\\ecatalog\\app\\Views\\login\\index.php')
 3 SYSTEMPATH\View\View.php(227): CodeIgniter\View\View->CodeIgniter\View\{closure}()
 4 SYSTEMPATH\Common.php(1176): CodeIgniter\View\View->render('login/index', [], true)
 5 APPPATH\Controllers\C_Login.php(12): view('login/index', [...])
 6 SYSTEMPATH\CodeIgniter.php(932): App\Controllers\C_Login->index()
 7 SYSTEMPATH\CodeIgniter.php(497): CodeIgniter\CodeIgniter->runController(Object(App\Controllers\C_Login))
 8 SYSTEMPATH\CodeIgniter.php(366): CodeIgniter\CodeIgniter->handleRequest(null, Object(Config\Cache), false)
 9 FCPATH\index.php(67): CodeIgniter\CodeIgniter->run()
CRITICAL - 2023-11-03 02:05:13 --> Undefined variable $pesan
in APPPATH\Views\login\index.php on line 141.
 1 APPPATH\Views\login\index.php(141): CodeIgniter\Debug\Exceptions->errorHandler(2, 'Undefined variable $pesan', 'C:\\xampp\\htdocs\\ecatalog\\app\\Views\\login\\index.php', 141)
 2 SYSTEMPATH\View\View.php(224): include('C:\\xampp\\htdocs\\ecatalog\\app\\Views\\login\\index.php')
 3 SYSTEMPATH\View\View.php(227): CodeIgniter\View\View->CodeIgniter\View\{closure}()
 4 SYSTEMPATH\Common.php(1176): CodeIgniter\View\View->render('login/index', [], true)
 5 APPPATH\Controllers\C_Login.php(12): view('login/index', [...])
 6 SYSTEMPATH\CodeIgniter.php(932): App\Controllers\C_Login->index()
 7 SYSTEMPATH\CodeIgniter.php(497): CodeIgniter\CodeIgniter->runController(Object(App\Controllers\C_Login))
 8 SYSTEMPATH\CodeIgniter.php(366): CodeIgniter\CodeIgniter->handleRequest(null, Object(Config\Cache), false)
 9 FCPATH\index.php(67): CodeIgniter\CodeIgniter->run()
CRITICAL - 2023-11-03 02:05:13 --> Undefined variable $pesan
in APPPATH\Views\login\index.php on line 141.
 1 APPPATH\Views\login\index.php(141): CodeIgniter\Debug\Exceptions->errorHandler(2, 'Undefined variable $pesan', 'C:\\xampp\\htdocs\\ecatalog\\app\\Views\\login\\index.php', 141)
 2 SYSTEMPATH\View\View.php(224): include('C:\\xampp\\htdocs\\ecatalog\\app\\Views\\login\\index.php')
 3 SYSTEMPATH\View\View.php(227): CodeIgniter\View\View->CodeIgniter\View\{closure}()
 4 SYSTEMPATH\Common.php(1176): CodeIgniter\View\View->render('login/index', [], true)
 5 APPPATH\Controllers\C_Login.php(12): view('login/index', [...])
 6 SYSTEMPATH\CodeIgniter.php(932): App\Controllers\C_Login->index()
 7 SYSTEMPATH\CodeIgniter.php(497): CodeIgniter\CodeIgniter->runController(Object(App\Controllers\C_Login))
 8 SYSTEMPATH\CodeIgniter.php(366): CodeIgniter\CodeIgniter->handleRequest(null, Object(Config\Cache), false)
 9 FCPATH\index.php(67): CodeIgniter\CodeIgniter->run()
CRITICAL - 2023-11-03 02:05:13 --> Undefined variable $pesan
in APPPATH\Views\login\index.php on line 141.
 1 APPPATH\Views\login\index.php(141): CodeIgniter\Debug\Exceptions->errorHandler(2, 'Undefined variable $pesan', 'C:\\xampp\\htdocs\\ecatalog\\app\\Views\\login\\index.php', 141)
 2 SYSTEMPATH\View\View.php(224): include('C:\\xampp\\htdocs\\ecatalog\\app\\Views\\login\\index.php')
 3 SYSTEMPATH\View\View.php(227): CodeIgniter\View\View->CodeIgniter\View\{closure}()
 4 SYSTEMPATH\Common.php(1176): CodeIgniter\View\View->render('login/index', [], true)
 5 APPPATH\Controllers\C_Login.php(12): view('login/index', [...])
 6 SYSTEMPATH\CodeIgniter.php(932): App\Controllers\C_Login->index()
 7 SYSTEMPATH\CodeIgniter.php(497): CodeIgniter\CodeIgniter->runController(Object(App\Controllers\C_Login))
 8 SYSTEMPATH\CodeIgniter.php(366): CodeIgniter\CodeIgniter->handleRequest(null, Object(Config\Cache), false)
 9 FCPATH\index.php(67): CodeIgniter\CodeIgniter->run()
CRITICAL - 2023-11-03 02:05:14 --> Undefined variable $pesan
in APPPATH\Views\login\index.php on line 141.
 1 APPPATH\Views\login\index.php(141): CodeIgniter\Debug\Exceptions->errorHandler(2, 'Undefined variable $pesan', 'C:\\xampp\\htdocs\\ecatalog\\app\\Views\\login\\index.php', 141)
 2 SYSTEMPATH\View\View.php(224): include('C:\\xampp\\htdocs\\ecatalog\\app\\Views\\login\\index.php')
 3 SYSTEMPATH\View\View.php(227): CodeIgniter\View\View->CodeIgniter\View\{closure}()
 4 SYSTEMPATH\Common.php(1176): CodeIgniter\View\View->render('login/index', [], true)
 5 APPPATH\Controllers\C_Login.php(12): view('login/index', [...])
 6 SYSTEMPATH\CodeIgniter.php(932): App\Controllers\C_Login->index()
 7 SYSTEMPATH\CodeIgniter.php(497): CodeIgniter\CodeIgniter->runController(Object(App\Controllers\C_Login))
 8 SYSTEMPATH\CodeIgniter.php(366): CodeIgniter\CodeIgniter->handleRequest(null, Object(Config\Cache), false)
 9 FCPATH\index.php(67): CodeIgniter\CodeIgniter->run()
CRITICAL - 2023-11-03 02:06:21 --> Undefined variable $pesan
in APPPATH\Views\login\index.php on line 141.
 1 APPPATH\Views\login\index.php(141): CodeIgniter\Debug\Exceptions->errorHandler(2, 'Undefined variable $pesan', 'C:\\xampp\\htdocs\\ecatalog\\app\\Views\\login\\index.php', 141)
 2 SYSTEMPATH\View\View.php(224): include('C:\\xampp\\htdocs\\ecatalog\\app\\Views\\login\\index.php')
 3 SYSTEMPATH\View\View.php(227): CodeIgniter\View\View->CodeIgniter\View\{closure}()
 4 SYSTEMPATH\Common.php(1176): CodeIgniter\View\View->render('login/index', [], true)
 5 APPPATH\Controllers\C_Login.php(12): view('login/index', [...])
 6 SYSTEMPATH\CodeIgniter.php(932): App\Controllers\C_Login->index()
 7 SYSTEMPATH\CodeIgniter.php(497): CodeIgniter\CodeIgniter->runController(Object(App\Controllers\C_Login))
 8 SYSTEMPATH\CodeIgniter.php(366): CodeIgniter\CodeIgniter->handleRequest(null, Object(Config\Cache), false)
 9 FCPATH\index.php(67): CodeIgniter\CodeIgniter->run()
ERROR - 2023-11-03 02:06:42 --> mysqli_sql_exception: Unknown column 'user.username' in 'where clause' in C:\xampp\htdocs\ecatalog\system\Database\MySQLi\Connection.php:295
Stack trace:
#0 C:\xampp\htdocs\ecatalog\system\Database\MySQLi\Connection.php(295): mysqli->query('SELECT *\nFROM `...', 0)
#1 C:\xampp\htdocs\ecatalog\system\Database\BaseConnection.php(692): CodeIgniter\Database\MySQLi\Connection->execute('SELECT *\nFROM `...')
#2 C:\xampp\htdocs\ecatalog\system\Database\BaseConnection.php(606): CodeIgniter\Database\BaseConnection->simpleQuery('SELECT *\nFROM `...')
#3 C:\xampp\htdocs\ecatalog\system\Database\BaseBuilder.php(1616): CodeIgniter\Database\BaseConnection->query('SELECT *\nFROM `...', Array, false)
#4 C:\xampp\htdocs\ecatalog\system\Model.php(200): CodeIgniter\Database\BaseBuilder->get()
#5 C:\xampp\htdocs\ecatalog\system\BaseModel.php(557): CodeIgniter\Model->doFind(true, 'dsadsa')
#6 C:\xampp\htdocs\ecatalog\app\Controllers\C_Login.php(20): CodeIgniter\BaseModel->find('dsadsa')
#7 C:\xampp\htdocs\ecatalog\system\CodeIgniter.php(932): App\Controllers\C_Login->cek()
#8 C:\xampp\htdocs\ecatalog\system\CodeIgniter.php(497): CodeIgniter\CodeIgniter->runController(Object(App\Controllers\C_Login))
#9 C:\xampp\htdocs\ecatalog\system\CodeIgniter.php(366): CodeIgniter\CodeIgniter->handleRequest(NULL, Object(Config\Cache), false)
#10 C:\xampp\htdocs\ecatalog\public\index.php(67): CodeIgniter\CodeIgniter->run()
#11 {main}
CRITICAL - 2023-11-03 02:06:42 --> Unknown column 'user.username' in 'where clause'
in SYSTEMPATH\Database\MySQLi\Connection.php on line 295.
 1 SYSTEMPATH\Database\MySQLi\Connection.php(295): mysqli->query('SELECT *
FROM `user`
WHERE `user`.`username` = \'dsadsa\'', 0)
 2 SYSTEMPATH\Database\BaseConnection.php(692): CodeIgniter\Database\MySQLi\Connection->execute('SELECT *
FROM `user`
WHERE `user`.`username` = \'dsadsa\'')
 3 SYSTEMPATH\Database\BaseConnection.php(606): CodeIgniter\Database\BaseConnection->simpleQuery('SELECT *
FROM `user`
WHERE `user`.`username` = \'dsadsa\'')
 4 SYSTEMPATH\Database\BaseBuilder.php(1616): CodeIgniter\Database\BaseConnection->query('SELECT *
FROM `user`
WHERE `user`.`username` = :user.username:', [...], false)
 5 SYSTEMPATH\Model.php(200): CodeIgniter\Database\BaseBuilder->get()
 6 SYSTEMPATH\BaseModel.php(557): CodeIgniter\Model->doFind(true, 'dsadsa')
 7 APPPATH\Controllers\C_Login.php(20): CodeIgniter\BaseModel->find('dsadsa')
 8 SYSTEMPATH\CodeIgniter.php(932): App\Controllers\C_Login->cek()
 9 SYSTEMPATH\CodeIgniter.php(497): CodeIgniter\CodeIgniter->runController(Object(App\Controllers\C_Login))
10 SYSTEMPATH\CodeIgniter.php(366): CodeIgniter\CodeIgniter->handleRequest(null, Object(Config\Cache), false)
11 FCPATH\index.php(67): CodeIgniter\CodeIgniter->run()
ERROR - 2023-11-03 02:06:54 --> mysqli_sql_exception: Unknown column 'user.username' in 'where clause' in C:\xampp\htdocs\ecatalog\system\Database\MySQLi\Connection.php:295
Stack trace:
#0 C:\xampp\htdocs\ecatalog\system\Database\MySQLi\Connection.php(295): mysqli->query('SELECT *\nFROM `...', 0)
#1 C:\xampp\htdocs\ecatalog\system\Database\BaseConnection.php(692): CodeIgniter\Database\MySQLi\Connection->execute('SELECT *\nFROM `...')
#2 C:\xampp\htdocs\ecatalog\system\Database\BaseConnection.php(606): CodeIgniter\Database\BaseConnection->simpleQuery('SELECT *\nFROM `...')
#3 C:\xampp\htdocs\ecatalog\system\Database\BaseBuilder.php(1616): CodeIgniter\Database\BaseConnection->query('SELECT *\nFROM `...', Array, false)
#4 C:\xampp\htdocs\ecatalog\system\Model.php(200): CodeIgniter\Database\BaseBuilder->get()
#5 C:\xampp\htdocs\ecatalog\system\BaseModel.php(557): CodeIgniter\Model->doFind(true, 'dsadsa')
#6 C:\xampp\htdocs\ecatalog\app\Controllers\C_Login.php(20): CodeIgniter\BaseModel->find('dsadsa')
#7 C:\xampp\htdocs\ecatalog\system\CodeIgniter.php(932): App\Controllers\C_Login->cek()
#8 C:\xampp\htdocs\ecatalog\system\CodeIgniter.php(497): CodeIgniter\CodeIgniter->runController(Object(App\Controllers\C_Login))
#9 C:\xampp\htdocs\ecatalog\system\CodeIgniter.php(366): CodeIgniter\CodeIgniter->handleRequest(NULL, Object(Config\Cache), false)
#10 C:\xampp\htdocs\ecatalog\public\index.php(67): CodeIgniter\CodeIgniter->run()
#11 {main}
CRITICAL - 2023-11-03 02:06:54 --> Unknown column 'user.username' in 'where clause'
in SYSTEMPATH\Database\MySQLi\Connection.php on line 295.
 1 SYSTEMPATH\Database\MySQLi\Connection.php(295): mysqli->query('SELECT *
FROM `user`
WHERE `user`.`username` = \'dsadsa\'', 0)
 2 SYSTEMPATH\Database\BaseConnection.php(692): CodeIgniter\Database\MySQLi\Connection->execute('SELECT *
FROM `user`
WHERE `user`.`username` = \'dsadsa\'')
 3 SYSTEMPATH\Database\BaseConnection.php(606): CodeIgniter\Database\BaseConnection->simpleQuery('SELECT *
FROM `user`
WHERE `user`.`username` = \'dsadsa\'')
 4 SYSTEMPATH\Database\BaseBuilder.php(1616): CodeIgniter\Database\BaseConnection->query('SELECT *
FROM `user`
WHERE `user`.`username` = :user.username:', [...], false)
 5 SYSTEMPATH\Model.php(200): CodeIgniter\Database\BaseBuilder->get()
 6 SYSTEMPATH\BaseModel.php(557): CodeIgniter\Model->doFind(true, 'dsadsa')
 7 APPPATH\Controllers\C_Login.php(20): CodeIgniter\BaseModel->find('dsadsa')
 8 SYSTEMPATH\CodeIgniter.php(932): App\Controllers\C_Login->cek()
 9 SYSTEMPATH\CodeIgniter.php(497): CodeIgniter\CodeIgniter->runController(Object(App\Controllers\C_Login))
10 SYSTEMPATH\CodeIgniter.php(366): CodeIgniter\CodeIgniter->handleRequest(null, Object(Config\Cache), false)
11 FCPATH\index.php(67): CodeIgniter\CodeIgniter->run()
ERROR - 2023-11-03 02:08:52 --> mysqli_sql_exception: Unknown column 'user.username' in 'where clause' in C:\xampp\htdocs\ecatalog\system\Database\MySQLi\Connection.php:295
Stack trace:
#0 C:\xampp\htdocs\ecatalog\system\Database\MySQLi\Connection.php(295): mysqli->query('SELECT *\nFROM `...', 0)
#1 C:\xampp\htdocs\ecatalog\system\Database\BaseConnection.php(692): CodeIgniter\Database\MySQLi\Connection->execute('SELECT *\nFROM `...')
#2 C:\xampp\htdocs\ecatalog\system\Database\BaseConnection.php(606): CodeIgniter\Database\BaseConnection->simpleQuery('SELECT *\nFROM `...')
#3 C:\xampp\htdocs\ecatalog\system\Database\BaseBuilder.php(1616): CodeIgniter\Database\BaseConnection->query('SELECT *\nFROM `...', Array, false)
#4 C:\xampp\htdocs\ecatalog\system\Model.php(200): CodeIgniter\Database\BaseBuilder->get()
#5 C:\xampp\htdocs\ecatalog\system\BaseModel.php(557): CodeIgniter\Model->doFind(true, 'dsadsa')
#6 C:\xampp\htdocs\ecatalog\app\Controllers\C_Login.php(20): CodeIgniter\BaseModel->find('dsadsa')
#7 C:\xampp\htdocs\ecatalog\system\CodeIgniter.php(932): App\Controllers\C_Login->cek()
#8 C:\xampp\htdocs\ecatalog\system\CodeIgniter.php(497): CodeIgniter\CodeIgniter->runController(Object(App\Controllers\C_Login))
#9 C:\xampp\htdocs\ecatalog\system\CodeIgniter.php(366): CodeIgniter\CodeIgniter->handleRequest(NULL, Object(Config\Cache), false)
#10 C:\xampp\htdocs\ecatalog\public\index.php(67): CodeIgniter\CodeIgniter->run()
#11 {main}
CRITICAL - 2023-11-03 02:08:52 --> Unknown column 'user.username' in 'where clause'
in SYSTEMPATH\Database\MySQLi\Connection.php on line 295.
 1 SYSTEMPATH\Database\MySQLi\Connection.php(295): mysqli->query('SELECT *
FROM `user`
WHERE `user`.`username` = \'dsadsa\'', 0)
 2 SYSTEMPATH\Database\BaseConnection.php(692): CodeIgniter\Database\MySQLi\Connection->execute('SELECT *
FROM `user`
WHERE `user`.`username` = \'dsadsa\'')
 3 SYSTEMPATH\Database\BaseConnection.php(606): CodeIgniter\Database\BaseConnection->simpleQuery('SELECT *
FROM `user`
WHERE `user`.`username` = \'dsadsa\'')
 4 SYSTEMPATH\Database\BaseBuilder.php(1616): CodeIgniter\Database\BaseConnection->query('SELECT *
FROM `user`
WHERE `user`.`username` = :user.username:', [...], false)
 5 SYSTEMPATH\Model.php(200): CodeIgniter\Database\BaseBuilder->get()
 6 SYSTEMPATH\BaseModel.php(557): CodeIgniter\Model->doFind(true, 'dsadsa')
 7 APPPATH\Controllers\C_Login.php(20): CodeIgniter\BaseModel->find('dsadsa')
 8 SYSTEMPATH\CodeIgniter.php(932): App\Controllers\C_Login->cek()
 9 SYSTEMPATH\CodeIgniter.php(497): CodeIgniter\CodeIgniter->runController(Object(App\Controllers\C_Login))
10 SYSTEMPATH\CodeIgniter.php(366): CodeIgniter\CodeIgniter->handleRequest(null, Object(Config\Cache), false)
11 FCPATH\index.php(67): CodeIgniter\CodeIgniter->run()
ERROR - 2023-11-03 02:16:19 --> mysqli_sql_exception: Unknown column 'user.username' in 'where clause' in C:\xampp\htdocs\ecatalog\system\Database\MySQLi\Connection.php:295
Stack trace:
#0 C:\xampp\htdocs\ecatalog\system\Database\MySQLi\Connection.php(295): mysqli->query('SELECT *\nFROM `...', 0)
#1 C:\xampp\htdocs\ecatalog\system\Database\BaseConnection.php(692): CodeIgniter\Database\MySQLi\Connection->execute('SELECT *\nFROM `...')
#2 C:\xampp\htdocs\ecatalog\system\Database\BaseConnection.php(606): CodeIgniter\Database\BaseConnection->simpleQuery('SELECT *\nFROM `...')
#3 C:\xampp\htdocs\ecatalog\system\Database\BaseBuilder.php(1616): CodeIgniter\Database\BaseConnection->query('SELECT *\nFROM `...', Array, false)
#4 C:\xampp\htdocs\ecatalog\system\Model.php(200): CodeIgniter\Database\BaseBuilder->get()
#5 C:\xampp\htdocs\ecatalog\system\BaseModel.php(557): CodeIgniter\Model->doFind(true, 'dddddd')
#6 C:\xampp\htdocs\ecatalog\app\Controllers\C_Login.php(20): CodeIgniter\BaseModel->find('dddddd')
#7 C:\xampp\htdocs\ecatalog\system\CodeIgniter.php(932): App\Controllers\C_Login->cek()
#8 C:\xampp\htdocs\ecatalog\system\CodeIgniter.php(497): CodeIgniter\CodeIgniter->runController(Object(App\Controllers\C_Login))
#9 C:\xampp\htdocs\ecatalog\system\CodeIgniter.php(366): CodeIgniter\CodeIgniter->handleRequest(NULL, Object(Config\Cache), false)
#10 C:\xampp\htdocs\ecatalog\public\index.php(67): CodeIgniter\CodeIgniter->run()
#11 {main}
CRITICAL - 2023-11-03 02:16:19 --> Unknown column 'user.username' in 'where clause'
in SYSTEMPATH\Database\MySQLi\Connection.php on line 295.
 1 SYSTEMPATH\Database\MySQLi\Connection.php(295): mysqli->query('SELECT *
FROM `user`
WHERE `user`.`username` = \'dddddd\'', 0)
 2 SYSTEMPATH\Database\BaseConnection.php(692): CodeIgniter\Database\MySQLi\Connection->execute('SELECT *
FROM `user`
WHERE `user`.`username` = \'dddddd\'')
 3 SYSTEMPATH\Database\BaseConnection.php(606): CodeIgniter\Database\BaseConnection->simpleQuery('SELECT *
FROM `user`
WHERE `user`.`username` = \'dddddd\'')
 4 SYSTEMPATH\Database\BaseBuilder.php(1616): CodeIgniter\Database\BaseConnection->query('SELECT *
FROM `user`
WHERE `user`.`username` = :user.username:', [...], false)
 5 SYSTEMPATH\Model.php(200): CodeIgniter\Database\BaseBuilder->get()
 6 SYSTEMPATH\BaseModel.php(557): CodeIgniter\Model->doFind(true, 'dddddd')
 7 APPPATH\Controllers\C_Login.php(20): CodeIgniter\BaseModel->find('dddddd')
 8 SYSTEMPATH\CodeIgniter.php(932): App\Controllers\C_Login->cek()
 9 SYSTEMPATH\CodeIgniter.php(497): CodeIgniter\CodeIgniter->runController(Object(App\Controllers\C_Login))
10 SYSTEMPATH\CodeIgniter.php(366): CodeIgniter\CodeIgniter->handleRequest(null, Object(Config\Cache), false)
11 FCPATH\index.php(67): CodeIgniter\CodeIgniter->run()
CRITICAL - 2023-11-03 02:19:20 --> Undefined variable $sdsa
in APPPATH\Controllers\C_Login.php on line 25.
 1 APPPATH\Controllers\C_Login.php(25): CodeIgniter\Debug\Exceptions->errorHandler(2, 'Undefined variable $sdsa', 'C:\\xampp\\htdocs\\ecatalog\\app\\Controllers\\C_Login.php', 25)
 2 SYSTEMPATH\CodeIgniter.php(932): App\Controllers\C_Login->cek()
 3 SYSTEMPATH\CodeIgniter.php(497): CodeIgniter\CodeIgniter->runController(Object(App\Controllers\C_Login))
 4 SYSTEMPATH\CodeIgniter.php(366): CodeIgniter\CodeIgniter->handleRequest(null, Object(Config\Cache), false)
 5 FCPATH\index.php(67): CodeIgniter\CodeIgniter->run()
CRITICAL - 2023-11-03 02:21:35 --> Attempt to read property "password" on array
in APPPATH\Controllers\C_Login.php on line 25.
 1 APPPATH\Controllers\C_Login.php(25): CodeIgniter\Debug\Exceptions->errorHandler(2, 'Attempt to read property "password" on array', 'C:\\xampp\\htdocs\\ecatalog\\app\\Controllers\\C_Login.php', 25)
 2 SYSTEMPATH\CodeIgniter.php(932): App\Controllers\C_Login->cek()
 3 SYSTEMPATH\CodeIgniter.php(497): CodeIgniter\CodeIgniter->runController(Object(App\Controllers\C_Login))
 4 SYSTEMPATH\CodeIgniter.php(366): CodeIgniter\CodeIgniter->handleRequest(null, Object(Config\Cache), false)
 5 FCPATH\index.php(67): CodeIgniter\CodeIgniter->run()
